<html>
<head>
<title>TestNG:  test3</title>
<link href="../testng.css" rel="stylesheet" type="text/css" />
<link href="../my-testng.css" rel="stylesheet" type="text/css" />

<style type="text/css">
.log { display: none;} 
.stack-trace { display: none;} 
</style>
<script type="text/javascript">
<!--
function flip(e) {
  current = e.style.display;
  if (current == 'block') {
    e.style.display = 'none';
    return 0;
  }
  else {
    e.style.display = 'block';
    return 1;
  }
}

function toggleBox(szDivId, elem, msg1, msg2)
{
  var res = -1;  if (document.getElementById) {
    res = flip(document.getElementById(szDivId));
  }
  else if (document.all) {
    // this is the way old msie versions work
    res = flip(document.all[szDivId]);
  }
  if(elem) {
    if(res == 0) elem.innerHTML = msg1; else elem.innerHTML = msg2;
  }

}

function toggleAllBoxes() {
  if (document.getElementsByTagName) {
    d = document.getElementsByTagName('div');
    for (i = 0; i < d.length; i++) {
      if (d[i].className == 'log') {
        flip(d[i]);
      }
    }
  }
}

// -->
</script>

</head>
<body>
<h2 align='center'>test3</h2><table border='1' align="center">
<tr>
<td>Tests passed/Failed/Skipped:</td><td>0/2/1</td>
</tr><tr>
<td>Started on:</td><td>Tue Jun 02 18:20:05 IST 2015</td>
</tr>
<tr><td>Total time:</td><td>95 seconds (95394 ms)</td>
</tr><tr>
<td>Included groups:</td><td></td>
</tr><tr>
<td>Excluded groups:</td><td></td>
</tr>
</table><p/>
<small><i>(Hover the method name to see the test class name)</i></small><p/>
<table width='100%' border='1' class='invocation-failed'>
<tr><td colspan='4' align='center'><b>FAILED TESTS</b></td></tr>
<tr><td><b>Test method</b></td>
<td width="30%"><b>Exception</b></td>
<td width="10%"><b>Time (seconds)</b></td>
<td><b>Instance</b></td>
</tr>
<tr>
<td title='com.microinsurance.testcases.Actions_Usam.testBrowser()'><b>testBrowser</b><br>Test class: com.microinsurance.testcases.Actions_Usam<br>Parameters: {loginSuperUser=RunMode}</td>
<td><div><pre>org.openqa.selenium.WebDriverException: Failed to connect to binary FirefoxBinary(C:\Program Files\Mozilla Firefox\firefox.exe) on port 7055; process output follows: 
global
1433249413051	addons.xpi-utils	DEBUG	Make addon app-global:{972ce4c6-7e08-4474-a285-3208198ce6fd} visible
1433249413052	DeferredSave.extensions.json	DEBUG	Save changes
1433249413052	DeferredSave.extensions.json	DEBUG	Save changes
1433249413052	addons.xpi	DEBUG	Updating XPIState for {&quot;id&quot;:&quot;{972ce4c6-7e08-4474-a285-3208198ce6fd}&quot;,&quot;syncGUID&quot;:&quot;GAxlqbuteIgC&quot;,&quot;location&quot;:&quot;app-global&quot;,&quot;version&quot;:&quot;38.0.1&quot;,&quot;type&quot;:&quot;theme&quot;,&quot;internalName&quot;:&quot;classic/1.0&quot;,&quot;updateURL&quot;:null,&quot;updateKey&quot;:null,&quot;optionsURL&quot;:null,&quot;optionsType&quot;:null,&quot;aboutURL&quot;:null,&quot;iconURL&quot;:null,&quot;icon64URL&quot;:null,&quot;defaultLocale&quot;:{&quot;name&quot;:&quot;Default&quot;,&quot;description&quot;:&quot;The default theme.&quot;,&quot;creator&quot;:&quot;Mozilla&quot;,&quot;homepageURL&quot;:null,&quot;contributors&quot;:[&quot;Mozilla Contributors&quot;]},&quot;visible&quot;:true,&quot;active&quot;:true,&quot;userDisabled&quot;:false,&quot;appDisabled&quot;:false,&quot;descriptor&quot;:&quot;C:\\Program Files\\Mozilla Firefox\\browser\\extensions\\{972ce4c6-7e08-4474-a285-3208198ce6fd}&quot;,&quot;installDate&quot;:1432008660382,&quot;updateDate&quot;:1432008660382,&quot;applyBackgroundUpdates&quot;:1,&quot;skinnable&quot;:true,&quot;size&quot;:3175,&quot;sourceURI&quot;:null,&quot;releaseNotesURI&quot;:null,&quot;softDisabled&quot;:false,&quot;foreignInstall&quot;:false,&quot;hasBinaryComponents&quot;:false,&quot;strictCompatibility&quot;:true,&quot;locales&quot;:[],&quot;targetApplications&quot;:[{&quot;id&quot;:&quot;{ec8030f7-c20a-464f-9b0e-13a3a9e97384}&quot;,&quot;minVersion&quot;:&quot;38.0.1&quot;,&quot;maxVersion&quot;:&quot;38.0.1&quot;}],&quot;targetPlatforms&quot;:[]}
1433249413052	addons.xpi	DEBUG	getModTime: Recursive scan of {972ce4c6-7e08-4474-a285-3208198ce6fd}
1433249413053	addons.xpi	DEBUG	Updating database with changes to installed add-ons
1433249413053	addons.xpi-utils	DEBUG	Updating add-on states
1433249413054	addons.xpi-utils	DEBUG	Writing add-ons list
1433249413062	addons.manager	DEBUG	Registering shutdown blocker for XPIProvider
1433249413063	addons.manager	DEBUG	Provider finished startup: XPIProvider
1433249413063	addons.manager	DEBUG	Starting provider: LightweightThemeManager
1433249413063	addons.manager	DEBUG	Registering shutdown blocker for LightweightThemeManager
1433249413063	addons.manager	DEBUG	Provider finished startup: LightweightThemeManager
1433249413063	addons.manager	DEBUG	Starting provider: GMPProvider
1433249413067	addons.manager	DEBUG	Registering shutdown blocker for GMPProvider
1433249413068	addons.manager	DEBUG	Provider finished startup: GMPProvider
1433249413068	addons.manager	DEBUG	Starting provider: PluginProvider
1433249413068	addons.manager	DEBUG	Registering shutdown blocker for PluginProvider
1433249413068	addons.manager	DEBUG	Provider finished startup: PluginProvider
1433249413068	addons.manager	DEBUG	Completed startup sequence
1433249415457	DeferredSave.extensions.json	DEBUG	Starting timer
1433249415477	DeferredSave.extensions.json	DEBUG	Starting write
1433249415522	addons.manager	DEBUG	shutdown
1433249415522	addons.manager	DEBUG	Calling shutdown blocker for XPIProvider
1433249415522	addons.xpi	DEBUG	shutdown
1433249415522	addons.xpi-utils	DEBUG	shutdown
1433249415523	addons.manager	DEBUG	Calling shutdown blocker for LightweightThemeManager
1433249415523	addons.manager	DEBUG	Calling shutdown blocker for GMPProvider
1433249415524	addons.manager	DEBUG	Calling shutdown blocker for PluginProvider
1433249416101	DeferredSave.extensions.json	DEBUG	Write succeeded
1433249416102	addons.xpi-utils	DEBUG	XPI Database saved, setting schema version preference to 16
1433249416102	addons.xpi	DEBUG	Notifying XPI shutdown observers
1433249416105	addons.manager	DEBUG	Async provider shutdown done
JavaScript error: resource://gre/modules/BookmarkHTMLUtils.jsm, line 897: NS_ERROR_UNEXPECTED: Component returned failure code: 0x8000ffff (NS_ERROR_UNEXPECTED) [nsINavBookmarksService.removeFolderChildren]
JavaScript error: resource://gre/modules/BookmarkHTMLUtils.jsm, line 897: NS_ERROR_UNEXPECTED: Component returned failure code: 0x8000ffff (NS_ERROR_UNEXPECTED) [nsINavBookmarksService.removeFolderChildren]
JavaScript error: jar:file:///C:/Program%20Files/Mozilla%20Firefox/browser/omni.ja!/components/nsBrowserGlue.js, line 1890: NS_ERROR_UNEXPECTED: Component returned failure code: 0x8000ffff (NS_ERROR_UNEXPECTED) [nsIAnnotationService.getItemsWithAnnotation]

Build info: version: &apos;2.45.0&apos;, revision: &apos;5017cb8&apos;, time: &apos;2015-02-27 00:00:10&apos;
System info: host: &apos;tandl-10&apos;, ip: &apos;172.30.66.121&apos;, os.name: &apos;Windows Vista&apos;, os.arch: &apos;x86&apos;, os.version: &apos;6.0&apos;, java.version: &apos;1.8.0_45&apos;
Driver info: driver.version: FirefoxDriver
	at org.openqa.selenium.firefox.internal.NewProfileExtensionConnection.start(NewProfileExtensionConnection.java:134)
	at org.openqa.selenium.firefox.FirefoxDriver.startClient(FirefoxDriver.java:246)
	at org.openqa.selenium.remote.RemoteWebDriver.&lt;init&gt;(RemoteWebDriver.java:114)
	at org.openqa.selenium.firefox.FirefoxDriver.&lt;init&gt;(FirefoxDriver.java:193)
	at org.openqa.selenium.firefox.FirefoxDriver.&lt;init&gt;(FirefoxDriver.java:186)
	at org.openqa.selenium.firefox.FirefoxDriver.&lt;init&gt;(FirefoxDriver.java:182)
	at org.openqa.selenium.firefox.FirefoxDriver.&lt;init&gt;(FirefoxDriver.java:95)
	at com.microinsurance.base.TestBase.openBrowser(TestBase.java:85)
	at com.microinsurance.testcases.Actions_Usam.testBrowser(Actions_Usam.java:30)
Caused by: org.openqa.selenium.WebDriverException: java.lang.InterruptedException: Process timed out after waiting for 45000 ms.
Build info: version: &apos;2.45.0&apos;, revision: &apos;5017cb8&apos;, time: &apos;2015-02-27 00:00:10&apos;
System info: host: &apos;tandl-10&apos;, ip: &apos;172.30.66.121&apos;, os.name: &apos;Windows Vista&apos;, os.arch: &apos;x86&apos;, os.version: &apos;6.0&apos;, java.version: &apos;1.8.0_45&apos;
Driver info: driver.version: FirefoxDriver
	at org.openqa.selenium.os.CommandLine.waitFor(CommandLine.java:131)
	at org.openqa.selenium.firefox.FirefoxBinary.waitFor(FirefoxBinary.java:222)
	at org.openqa.selenium.firefox.FirefoxBinary.clean(FirefoxBinary.java:242)
	at org.openqa.selenium.firefox.internal.NewProfileExtensionConnection.start(NewProfileExtensionConnection.java:91)
	... 31 more
Caused by: java.lang.InterruptedException: Process timed out after waiting for 45000 ms.
	at org.openqa.selenium.os.UnixProcess.waitFor(UnixProcess.java:148)
	at org.openqa.selenium.os.CommandLine.waitFor(CommandLine.java:129)
	... 34 more
... Removed 23 stack frames</pre></div><a href='#' onClick='toggleBox("stack-trace4531718", this, "Click to show all stack frames", "Click to hide stack frames")'>Click to show all stack frames</a>
<div class='stack-trace' id='stack-trace4531718'><pre>org.openqa.selenium.WebDriverException: Failed to connect to binary FirefoxBinary(C:\Program Files\Mozilla Firefox\firefox.exe) on port 7055; process output follows: 
global
1433249413051	addons.xpi-utils	DEBUG	Make addon app-global:{972ce4c6-7e08-4474-a285-3208198ce6fd} visible
1433249413052	DeferredSave.extensions.json	DEBUG	Save changes
1433249413052	DeferredSave.extensions.json	DEBUG	Save changes
1433249413052	addons.xpi	DEBUG	Updating XPIState for {&quot;id&quot;:&quot;{972ce4c6-7e08-4474-a285-3208198ce6fd}&quot;,&quot;syncGUID&quot;:&quot;GAxlqbuteIgC&quot;,&quot;location&quot;:&quot;app-global&quot;,&quot;version&quot;:&quot;38.0.1&quot;,&quot;type&quot;:&quot;theme&quot;,&quot;internalName&quot;:&quot;classic/1.0&quot;,&quot;updateURL&quot;:null,&quot;updateKey&quot;:null,&quot;optionsURL&quot;:null,&quot;optionsType&quot;:null,&quot;aboutURL&quot;:null,&quot;iconURL&quot;:null,&quot;icon64URL&quot;:null,&quot;defaultLocale&quot;:{&quot;name&quot;:&quot;Default&quot;,&quot;description&quot;:&quot;The default theme.&quot;,&quot;creator&quot;:&quot;Mozilla&quot;,&quot;homepageURL&quot;:null,&quot;contributors&quot;:[&quot;Mozilla Contributors&quot;]},&quot;visible&quot;:true,&quot;active&quot;:true,&quot;userDisabled&quot;:false,&quot;appDisabled&quot;:false,&quot;descriptor&quot;:&quot;C:\\Program Files\\Mozilla Firefox\\browser\\extensions\\{972ce4c6-7e08-4474-a285-3208198ce6fd}&quot;,&quot;installDate&quot;:1432008660382,&quot;updateDate&quot;:1432008660382,&quot;applyBackgroundUpdates&quot;:1,&quot;skinnable&quot;:true,&quot;size&quot;:3175,&quot;sourceURI&quot;:null,&quot;releaseNotesURI&quot;:null,&quot;softDisabled&quot;:false,&quot;foreignInstall&quot;:false,&quot;hasBinaryComponents&quot;:false,&quot;strictCompatibility&quot;:true,&quot;locales&quot;:[],&quot;targetApplications&quot;:[{&quot;id&quot;:&quot;{ec8030f7-c20a-464f-9b0e-13a3a9e97384}&quot;,&quot;minVersion&quot;:&quot;38.0.1&quot;,&quot;maxVersion&quot;:&quot;38.0.1&quot;}],&quot;targetPlatforms&quot;:[]}
1433249413052	addons.xpi	DEBUG	getModTime: Recursive scan of {972ce4c6-7e08-4474-a285-3208198ce6fd}
1433249413053	addons.xpi	DEBUG	Updating database with changes to installed add-ons
1433249413053	addons.xpi-utils	DEBUG	Updating add-on states
1433249413054	addons.xpi-utils	DEBUG	Writing add-ons list
1433249413062	addons.manager	DEBUG	Registering shutdown blocker for XPIProvider
1433249413063	addons.manager	DEBUG	Provider finished startup: XPIProvider
1433249413063	addons.manager	DEBUG	Starting provider: LightweightThemeManager
1433249413063	addons.manager	DEBUG	Registering shutdown blocker for LightweightThemeManager
1433249413063	addons.manager	DEBUG	Provider finished startup: LightweightThemeManager
1433249413063	addons.manager	DEBUG	Starting provider: GMPProvider
1433249413067	addons.manager	DEBUG	Registering shutdown blocker for GMPProvider
1433249413068	addons.manager	DEBUG	Provider finished startup: GMPProvider
1433249413068	addons.manager	DEBUG	Starting provider: PluginProvider
1433249413068	addons.manager	DEBUG	Registering shutdown blocker for PluginProvider
1433249413068	addons.manager	DEBUG	Provider finished startup: PluginProvider
1433249413068	addons.manager	DEBUG	Completed startup sequence
1433249415457	DeferredSave.extensions.json	DEBUG	Starting timer
1433249415477	DeferredSave.extensions.json	DEBUG	Starting write
1433249415522	addons.manager	DEBUG	shutdown
1433249415522	addons.manager	DEBUG	Calling shutdown blocker for XPIProvider
1433249415522	addons.xpi	DEBUG	shutdown
1433249415522	addons.xpi-utils	DEBUG	shutdown
1433249415523	addons.manager	DEBUG	Calling shutdown blocker for LightweightThemeManager
1433249415523	addons.manager	DEBUG	Calling shutdown blocker for GMPProvider
1433249415524	addons.manager	DEBUG	Calling shutdown blocker for PluginProvider
1433249416101	DeferredSave.extensions.json	DEBUG	Write succeeded
1433249416102	addons.xpi-utils	DEBUG	XPI Database saved, setting schema version preference to 16
1433249416102	addons.xpi	DEBUG	Notifying XPI shutdown observers
1433249416105	addons.manager	DEBUG	Async provider shutdown done
JavaScript error: resource://gre/modules/BookmarkHTMLUtils.jsm, line 897: NS_ERROR_UNEXPECTED: Component returned failure code: 0x8000ffff (NS_ERROR_UNEXPECTED) [nsINavBookmarksService.removeFolderChildren]
JavaScript error: resource://gre/modules/BookmarkHTMLUtils.jsm, line 897: NS_ERROR_UNEXPECTED: Component returned failure code: 0x8000ffff (NS_ERROR_UNEXPECTED) [nsINavBookmarksService.removeFolderChildren]
JavaScript error: jar:file:///C:/Program%20Files/Mozilla%20Firefox/browser/omni.ja!/components/nsBrowserGlue.js, line 1890: NS_ERROR_UNEXPECTED: Component returned failure code: 0x8000ffff (NS_ERROR_UNEXPECTED) [nsIAnnotationService.getItemsWithAnnotation]

Build info: version: &apos;2.45.0&apos;, revision: &apos;5017cb8&apos;, time: &apos;2015-02-27 00:00:10&apos;
System info: host: &apos;tandl-10&apos;, ip: &apos;172.30.66.121&apos;, os.name: &apos;Windows Vista&apos;, os.arch: &apos;x86&apos;, os.version: &apos;6.0&apos;, java.version: &apos;1.8.0_45&apos;
Driver info: driver.version: FirefoxDriver
	at org.openqa.selenium.firefox.internal.NewProfileExtensionConnection.start(NewProfileExtensionConnection.java:134)
	at org.openqa.selenium.firefox.FirefoxDriver.startClient(FirefoxDriver.java:246)
	at org.openqa.selenium.remote.RemoteWebDriver.&lt;init&gt;(RemoteWebDriver.java:114)
	at org.openqa.selenium.firefox.FirefoxDriver.&lt;init&gt;(FirefoxDriver.java:193)
	at org.openqa.selenium.firefox.FirefoxDriver.&lt;init&gt;(FirefoxDriver.java:186)
	at org.openqa.selenium.firefox.FirefoxDriver.&lt;init&gt;(FirefoxDriver.java:182)
	at org.openqa.selenium.firefox.FirefoxDriver.&lt;init&gt;(FirefoxDriver.java:95)
	at com.microinsurance.base.TestBase.openBrowser(TestBase.java:85)
	at com.microinsurance.testcases.Actions_Usam.testBrowser(Actions_Usam.java:30)
	at sun.reflect.NativeMethodAccessorImpl.invoke0(Native Method)
	at sun.reflect.NativeMethodAccessorImpl.invoke(NativeMethodAccessorImpl.java:62)
	at sun.reflect.DelegatingMethodAccessorImpl.invoke(DelegatingMethodAccessorImpl.java:43)
	at java.lang.reflect.Method.invoke(Method.java:497)
	at org.testng.internal.MethodInvocationHelper.invokeMethod(MethodInvocationHelper.java:84)
	at org.testng.internal.Invoker.invokeMethod(Invoker.java:714)
	at org.testng.internal.Invoker.invokeTestMethod(Invoker.java:901)
	at org.testng.internal.Invoker.invokeTestMethods(Invoker.java:1231)
	at org.testng.internal.TestMethodWorker.invokeTestMethods(TestMethodWorker.java:127)
	at org.testng.internal.TestMethodWorker.run(TestMethodWorker.java:111)
	at org.testng.TestRunner.privateRun(TestRunner.java:767)
	at org.testng.TestRunner.run(TestRunner.java:617)
	at org.testng.SuiteRunner.runTest(SuiteRunner.java:334)
	at org.testng.SuiteRunner.runSequentially(SuiteRunner.java:329)
	at org.testng.SuiteRunner.privateRun(SuiteRunner.java:291)
	at org.testng.SuiteRunner.run(SuiteRunner.java:240)
	at org.testng.SuiteRunnerWorker.runSuite(SuiteRunnerWorker.java:52)
	at org.testng.SuiteRunnerWorker.run(SuiteRunnerWorker.java:86)
	at org.testng.TestNG.runSuitesSequentially(TestNG.java:1224)
	at org.testng.TestNG.runSuitesLocally(TestNG.java:1149)
	at org.testng.TestNG.run(TestNG.java:1057)
	at org.testng.TestNG.privateMain(TestNG.java:1364)
	at org.testng.TestNG.main(TestNG.java:1333)
Caused by: org.openqa.selenium.WebDriverException: java.lang.InterruptedException: Process timed out after waiting for 45000 ms.
Build info: version: &apos;2.45.0&apos;, revision: &apos;5017cb8&apos;, time: &apos;2015-02-27 00:00:10&apos;
System info: host: &apos;tandl-10&apos;, ip: &apos;172.30.66.121&apos;, os.name: &apos;Windows Vista&apos;, os.arch: &apos;x86&apos;, os.version: &apos;6.0&apos;, java.version: &apos;1.8.0_45&apos;
Driver info: driver.version: FirefoxDriver
	at org.openqa.selenium.os.CommandLine.waitFor(CommandLine.java:131)
	at org.openqa.selenium.firefox.FirefoxBinary.waitFor(FirefoxBinary.java:222)
	at org.openqa.selenium.firefox.FirefoxBinary.clean(FirefoxBinary.java:242)
	at org.openqa.selenium.firefox.internal.NewProfileExtensionConnection.start(NewProfileExtensionConnection.java:91)
	... 31 more
Caused by: java.lang.InterruptedException: Process timed out after waiting for 45000 ms.
	at org.openqa.selenium.os.UnixProcess.waitFor(UnixProcess.java:148)
	at org.openqa.selenium.os.CommandLine.waitFor(CommandLine.java:129)
	... 34 more
</pre></div></td>
<td>49</td>
<td>com.microinsurance.testcases.Actions_Usam@1f4f00f</td></tr>
<tr>
<td title='com.microinsurance.testcases.Actions_Usam.testBrowser()'><b>testBrowser</b><br>Test class: com.microinsurance.testcases.Actions_Usam<br>Parameters: {loginSuperUser=Y}</td>
<td><div><pre>org.openqa.selenium.WebDriverException: Failed to connect to binary FirefoxBinary(C:\Program Files\Mozilla Firefox\firefox.exe) on port 7055; process output follows: 
global
1433249456912	addons.xpi-utils	DEBUG	Make addon app-global:{972ce4c6-7e08-4474-a285-3208198ce6fd} visible
1433249456912	DeferredSave.extensions.json	DEBUG	Save changes
1433249456912	DeferredSave.extensions.json	DEBUG	Save changes
1433249456912	addons.xpi	DEBUG	Updating XPIState for {&quot;id&quot;:&quot;{972ce4c6-7e08-4474-a285-3208198ce6fd}&quot;,&quot;syncGUID&quot;:&quot;rBmYONP_hhZV&quot;,&quot;location&quot;:&quot;app-global&quot;,&quot;version&quot;:&quot;38.0.1&quot;,&quot;type&quot;:&quot;theme&quot;,&quot;internalName&quot;:&quot;classic/1.0&quot;,&quot;updateURL&quot;:null,&quot;updateKey&quot;:null,&quot;optionsURL&quot;:null,&quot;optionsType&quot;:null,&quot;aboutURL&quot;:null,&quot;iconURL&quot;:null,&quot;icon64URL&quot;:null,&quot;defaultLocale&quot;:{&quot;name&quot;:&quot;Default&quot;,&quot;description&quot;:&quot;The default theme.&quot;,&quot;creator&quot;:&quot;Mozilla&quot;,&quot;homepageURL&quot;:null,&quot;contributors&quot;:[&quot;Mozilla Contributors&quot;]},&quot;visible&quot;:true,&quot;active&quot;:true,&quot;userDisabled&quot;:false,&quot;appDisabled&quot;:false,&quot;descriptor&quot;:&quot;C:\\Program Files\\Mozilla Firefox\\browser\\extensions\\{972ce4c6-7e08-4474-a285-3208198ce6fd}&quot;,&quot;installDate&quot;:1432008660382,&quot;updateDate&quot;:1432008660382,&quot;applyBackgroundUpdates&quot;:1,&quot;skinnable&quot;:true,&quot;size&quot;:3175,&quot;sourceURI&quot;:null,&quot;releaseNotesURI&quot;:null,&quot;softDisabled&quot;:false,&quot;foreignInstall&quot;:false,&quot;hasBinaryComponents&quot;:false,&quot;strictCompatibility&quot;:true,&quot;locales&quot;:[],&quot;targetApplications&quot;:[{&quot;id&quot;:&quot;{ec8030f7-c20a-464f-9b0e-13a3a9e97384}&quot;,&quot;minVersion&quot;:&quot;38.0.1&quot;,&quot;maxVersion&quot;:&quot;38.0.1&quot;}],&quot;targetPlatforms&quot;:[]}
1433249456912	addons.xpi	DEBUG	getModTime: Recursive scan of {972ce4c6-7e08-4474-a285-3208198ce6fd}
1433249456914	addons.xpi	DEBUG	Updating database with changes to installed add-ons
1433249456914	addons.xpi-utils	DEBUG	Updating add-on states
1433249456915	addons.xpi-utils	DEBUG	Writing add-ons list
1433249456923	addons.manager	DEBUG	Registering shutdown blocker for XPIProvider
1433249456923	addons.manager	DEBUG	Provider finished startup: XPIProvider
1433249456923	addons.manager	DEBUG	Starting provider: LightweightThemeManager
1433249456924	addons.manager	DEBUG	Registering shutdown blocker for LightweightThemeManager
1433249456924	addons.manager	DEBUG	Provider finished startup: LightweightThemeManager
1433249456924	addons.manager	DEBUG	Starting provider: GMPProvider
1433249456928	addons.manager	DEBUG	Registering shutdown blocker for GMPProvider
1433249456928	addons.manager	DEBUG	Provider finished startup: GMPProvider
1433249456928	addons.manager	DEBUG	Starting provider: PluginProvider
1433249456928	addons.manager	DEBUG	Registering shutdown blocker for PluginProvider
1433249456929	addons.manager	DEBUG	Provider finished startup: PluginProvider
1433249456929	addons.manager	DEBUG	Completed startup sequence
1433249458991	DeferredSave.extensions.json	DEBUG	Starting timer
1433249459033	DeferredSave.extensions.json	DEBUG	Starting write
1433249459040	addons.manager	DEBUG	shutdown
1433249459041	addons.manager	DEBUG	Calling shutdown blocker for XPIProvider
1433249459041	addons.xpi	DEBUG	shutdown
1433249459041	addons.xpi-utils	DEBUG	shutdown
1433249459041	addons.manager	DEBUG	Calling shutdown blocker for LightweightThemeManager
1433249459042	addons.manager	DEBUG	Calling shutdown blocker for GMPProvider
1433249459043	addons.manager	DEBUG	Calling shutdown blocker for PluginProvider
1433249459537	DeferredSave.extensions.json	DEBUG	Write succeeded
1433249459537	addons.xpi-utils	DEBUG	XPI Database saved, setting schema version preference to 16
1433249459538	addons.xpi	DEBUG	Notifying XPI shutdown observers
1433249459541	addons.manager	DEBUG	Async provider shutdown done
JavaScript error: resource://gre/modules/BookmarkHTMLUtils.jsm, line 897: NS_ERROR_UNEXPECTED: Component returned failure code: 0x8000ffff (NS_ERROR_UNEXPECTED) [nsINavBookmarksService.removeFolderChildren]
JavaScript error: resource://gre/modules/BookmarkHTMLUtils.jsm, line 897: NS_ERROR_UNEXPECTED: Component returned failure code: 0x8000ffff (NS_ERROR_UNEXPECTED) [nsINavBookmarksService.removeFolderChildren]
JavaScript error: jar:file:///C:/Program%20Files/Mozilla%20Firefox/browser/omni.ja!/components/nsBrowserGlue.js, line 1890: NS_ERROR_UNEXPECTED: Component returned failure code: 0x8000ffff (NS_ERROR_UNEXPECTED) [nsIAnnotationService.getItemsWithAnnotation]

Build info: version: &apos;2.45.0&apos;, revision: &apos;5017cb8&apos;, time: &apos;2015-02-27 00:00:10&apos;
System info: host: &apos;tandl-10&apos;, ip: &apos;172.30.66.121&apos;, os.name: &apos;Windows Vista&apos;, os.arch: &apos;x86&apos;, os.version: &apos;6.0&apos;, java.version: &apos;1.8.0_45&apos;
Driver info: driver.version: FirefoxDriver
	at org.openqa.selenium.firefox.internal.NewProfileExtensionConnection.start(NewProfileExtensionConnection.java:134)
	at org.openqa.selenium.firefox.FirefoxDriver.startClient(FirefoxDriver.java:246)
	at org.openqa.selenium.remote.RemoteWebDriver.&lt;init&gt;(RemoteWebDriver.java:114)
	at org.openqa.selenium.firefox.FirefoxDriver.&lt;init&gt;(FirefoxDriver.java:193)
	at org.openqa.selenium.firefox.FirefoxDriver.&lt;init&gt;(FirefoxDriver.java:186)
	at org.openqa.selenium.firefox.FirefoxDriver.&lt;init&gt;(FirefoxDriver.java:182)
	at org.openqa.selenium.firefox.FirefoxDriver.&lt;init&gt;(FirefoxDriver.java:95)
	at com.microinsurance.base.TestBase.openBrowser(TestBase.java:85)
	at com.microinsurance.testcases.Actions_Usam.testBrowser(Actions_Usam.java:30)
Caused by: org.openqa.selenium.WebDriverException: java.lang.InterruptedException: Process timed out after waiting for 45000 ms.
Build info: version: &apos;2.45.0&apos;, revision: &apos;5017cb8&apos;, time: &apos;2015-02-27 00:00:10&apos;
System info: host: &apos;tandl-10&apos;, ip: &apos;172.30.66.121&apos;, os.name: &apos;Windows Vista&apos;, os.arch: &apos;x86&apos;, os.version: &apos;6.0&apos;, java.version: &apos;1.8.0_45&apos;
Driver info: driver.version: FirefoxDriver
	at org.openqa.selenium.os.CommandLine.waitFor(CommandLine.java:131)
	at org.openqa.selenium.firefox.FirefoxBinary.waitFor(FirefoxBinary.java:222)
	at org.openqa.selenium.firefox.FirefoxBinary.clean(FirefoxBinary.java:242)
	at org.openqa.selenium.firefox.internal.NewProfileExtensionConnection.start(NewProfileExtensionConnection.java:91)
	... 31 more
Caused by: java.lang.InterruptedException: Process timed out after waiting for 45000 ms.
	at org.openqa.selenium.os.UnixProcess.waitFor(UnixProcess.java:148)
	at org.openqa.selenium.os.CommandLine.waitFor(CommandLine.java:129)
	... 34 more
... Removed 23 stack frames</pre></div><a href='#' onClick='toggleBox("stack-trace12422117", this, "Click to show all stack frames", "Click to hide stack frames")'>Click to show all stack frames</a>
<div class='stack-trace' id='stack-trace12422117'><pre>org.openqa.selenium.WebDriverException: Failed to connect to binary FirefoxBinary(C:\Program Files\Mozilla Firefox\firefox.exe) on port 7055; process output follows: 
global
1433249456912	addons.xpi-utils	DEBUG	Make addon app-global:{972ce4c6-7e08-4474-a285-3208198ce6fd} visible
1433249456912	DeferredSave.extensions.json	DEBUG	Save changes
1433249456912	DeferredSave.extensions.json	DEBUG	Save changes
1433249456912	addons.xpi	DEBUG	Updating XPIState for {&quot;id&quot;:&quot;{972ce4c6-7e08-4474-a285-3208198ce6fd}&quot;,&quot;syncGUID&quot;:&quot;rBmYONP_hhZV&quot;,&quot;location&quot;:&quot;app-global&quot;,&quot;version&quot;:&quot;38.0.1&quot;,&quot;type&quot;:&quot;theme&quot;,&quot;internalName&quot;:&quot;classic/1.0&quot;,&quot;updateURL&quot;:null,&quot;updateKey&quot;:null,&quot;optionsURL&quot;:null,&quot;optionsType&quot;:null,&quot;aboutURL&quot;:null,&quot;iconURL&quot;:null,&quot;icon64URL&quot;:null,&quot;defaultLocale&quot;:{&quot;name&quot;:&quot;Default&quot;,&quot;description&quot;:&quot;The default theme.&quot;,&quot;creator&quot;:&quot;Mozilla&quot;,&quot;homepageURL&quot;:null,&quot;contributors&quot;:[&quot;Mozilla Contributors&quot;]},&quot;visible&quot;:true,&quot;active&quot;:true,&quot;userDisabled&quot;:false,&quot;appDisabled&quot;:false,&quot;descriptor&quot;:&quot;C:\\Program Files\\Mozilla Firefox\\browser\\extensions\\{972ce4c6-7e08-4474-a285-3208198ce6fd}&quot;,&quot;installDate&quot;:1432008660382,&quot;updateDate&quot;:1432008660382,&quot;applyBackgroundUpdates&quot;:1,&quot;skinnable&quot;:true,&quot;size&quot;:3175,&quot;sourceURI&quot;:null,&quot;releaseNotesURI&quot;:null,&quot;softDisabled&quot;:false,&quot;foreignInstall&quot;:false,&quot;hasBinaryComponents&quot;:false,&quot;strictCompatibility&quot;:true,&quot;locales&quot;:[],&quot;targetApplications&quot;:[{&quot;id&quot;:&quot;{ec8030f7-c20a-464f-9b0e-13a3a9e97384}&quot;,&quot;minVersion&quot;:&quot;38.0.1&quot;,&quot;maxVersion&quot;:&quot;38.0.1&quot;}],&quot;targetPlatforms&quot;:[]}
1433249456912	addons.xpi	DEBUG	getModTime: Recursive scan of {972ce4c6-7e08-4474-a285-3208198ce6fd}
1433249456914	addons.xpi	DEBUG	Updating database with changes to installed add-ons
1433249456914	addons.xpi-utils	DEBUG	Updating add-on states
1433249456915	addons.xpi-utils	DEBUG	Writing add-ons list
1433249456923	addons.manager	DEBUG	Registering shutdown blocker for XPIProvider
1433249456923	addons.manager	DEBUG	Provider finished startup: XPIProvider
1433249456923	addons.manager	DEBUG	Starting provider: LightweightThemeManager
1433249456924	addons.manager	DEBUG	Registering shutdown blocker for LightweightThemeManager
1433249456924	addons.manager	DEBUG	Provider finished startup: LightweightThemeManager
1433249456924	addons.manager	DEBUG	Starting provider: GMPProvider
1433249456928	addons.manager	DEBUG	Registering shutdown blocker for GMPProvider
1433249456928	addons.manager	DEBUG	Provider finished startup: GMPProvider
1433249456928	addons.manager	DEBUG	Starting provider: PluginProvider
1433249456928	addons.manager	DEBUG	Registering shutdown blocker for PluginProvider
1433249456929	addons.manager	DEBUG	Provider finished startup: PluginProvider
1433249456929	addons.manager	DEBUG	Completed startup sequence
1433249458991	DeferredSave.extensions.json	DEBUG	Starting timer
1433249459033	DeferredSave.extensions.json	DEBUG	Starting write
1433249459040	addons.manager	DEBUG	shutdown
1433249459041	addons.manager	DEBUG	Calling shutdown blocker for XPIProvider
1433249459041	addons.xpi	DEBUG	shutdown
1433249459041	addons.xpi-utils	DEBUG	shutdown
1433249459041	addons.manager	DEBUG	Calling shutdown blocker for LightweightThemeManager
1433249459042	addons.manager	DEBUG	Calling shutdown blocker for GMPProvider
1433249459043	addons.manager	DEBUG	Calling shutdown blocker for PluginProvider
1433249459537	DeferredSave.extensions.json	DEBUG	Write succeeded
1433249459537	addons.xpi-utils	DEBUG	XPI Database saved, setting schema version preference to 16
1433249459538	addons.xpi	DEBUG	Notifying XPI shutdown observers
1433249459541	addons.manager	DEBUG	Async provider shutdown done
JavaScript error: resource://gre/modules/BookmarkHTMLUtils.jsm, line 897: NS_ERROR_UNEXPECTED: Component returned failure code: 0x8000ffff (NS_ERROR_UNEXPECTED) [nsINavBookmarksService.removeFolderChildren]
JavaScript error: resource://gre/modules/BookmarkHTMLUtils.jsm, line 897: NS_ERROR_UNEXPECTED: Component returned failure code: 0x8000ffff (NS_ERROR_UNEXPECTED) [nsINavBookmarksService.removeFolderChildren]
JavaScript error: jar:file:///C:/Program%20Files/Mozilla%20Firefox/browser/omni.ja!/components/nsBrowserGlue.js, line 1890: NS_ERROR_UNEXPECTED: Component returned failure code: 0x8000ffff (NS_ERROR_UNEXPECTED) [nsIAnnotationService.getItemsWithAnnotation]

Build info: version: &apos;2.45.0&apos;, revision: &apos;5017cb8&apos;, time: &apos;2015-02-27 00:00:10&apos;
System info: host: &apos;tandl-10&apos;, ip: &apos;172.30.66.121&apos;, os.name: &apos;Windows Vista&apos;, os.arch: &apos;x86&apos;, os.version: &apos;6.0&apos;, java.version: &apos;1.8.0_45&apos;
Driver info: driver.version: FirefoxDriver
	at org.openqa.selenium.firefox.internal.NewProfileExtensionConnection.start(NewProfileExtensionConnection.java:134)
	at org.openqa.selenium.firefox.FirefoxDriver.startClient(FirefoxDriver.java:246)
	at org.openqa.selenium.remote.RemoteWebDriver.&lt;init&gt;(RemoteWebDriver.java:114)
	at org.openqa.selenium.firefox.FirefoxDriver.&lt;init&gt;(FirefoxDriver.java:193)
	at org.openqa.selenium.firefox.FirefoxDriver.&lt;init&gt;(FirefoxDriver.java:186)
	at org.openqa.selenium.firefox.FirefoxDriver.&lt;init&gt;(FirefoxDriver.java:182)
	at org.openqa.selenium.firefox.FirefoxDriver.&lt;init&gt;(FirefoxDriver.java:95)
	at com.microinsurance.base.TestBase.openBrowser(TestBase.java:85)
	at com.microinsurance.testcases.Actions_Usam.testBrowser(Actions_Usam.java:30)
	at sun.reflect.NativeMethodAccessorImpl.invoke0(Native Method)
	at sun.reflect.NativeMethodAccessorImpl.invoke(NativeMethodAccessorImpl.java:62)
	at sun.reflect.DelegatingMethodAccessorImpl.invoke(DelegatingMethodAccessorImpl.java:43)
	at java.lang.reflect.Method.invoke(Method.java:497)
	at org.testng.internal.MethodInvocationHelper.invokeMethod(MethodInvocationHelper.java:84)
	at org.testng.internal.Invoker.invokeMethod(Invoker.java:714)
	at org.testng.internal.Invoker.invokeTestMethod(Invoker.java:901)
	at org.testng.internal.Invoker.invokeTestMethods(Invoker.java:1231)
	at org.testng.internal.TestMethodWorker.invokeTestMethods(TestMethodWorker.java:127)
	at org.testng.internal.TestMethodWorker.run(TestMethodWorker.java:111)
	at org.testng.TestRunner.privateRun(TestRunner.java:767)
	at org.testng.TestRunner.run(TestRunner.java:617)
	at org.testng.SuiteRunner.runTest(SuiteRunner.java:334)
	at org.testng.SuiteRunner.runSequentially(SuiteRunner.java:329)
	at org.testng.SuiteRunner.privateRun(SuiteRunner.java:291)
	at org.testng.SuiteRunner.run(SuiteRunner.java:240)
	at org.testng.SuiteRunnerWorker.runSuite(SuiteRunnerWorker.java:52)
	at org.testng.SuiteRunnerWorker.run(SuiteRunnerWorker.java:86)
	at org.testng.TestNG.runSuitesSequentially(TestNG.java:1224)
	at org.testng.TestNG.runSuitesLocally(TestNG.java:1149)
	at org.testng.TestNG.run(TestNG.java:1057)
	at org.testng.TestNG.privateMain(TestNG.java:1364)
	at org.testng.TestNG.main(TestNG.java:1333)
Caused by: org.openqa.selenium.WebDriverException: java.lang.InterruptedException: Process timed out after waiting for 45000 ms.
Build info: version: &apos;2.45.0&apos;, revision: &apos;5017cb8&apos;, time: &apos;2015-02-27 00:00:10&apos;
System info: host: &apos;tandl-10&apos;, ip: &apos;172.30.66.121&apos;, os.name: &apos;Windows Vista&apos;, os.arch: &apos;x86&apos;, os.version: &apos;6.0&apos;, java.version: &apos;1.8.0_45&apos;
Driver info: driver.version: FirefoxDriver
	at org.openqa.selenium.os.CommandLine.waitFor(CommandLine.java:131)
	at org.openqa.selenium.firefox.FirefoxBinary.waitFor(FirefoxBinary.java:222)
	at org.openqa.selenium.firefox.FirefoxBinary.clean(FirefoxBinary.java:242)
	at org.openqa.selenium.firefox.internal.NewProfileExtensionConnection.start(NewProfileExtensionConnection.java:91)
	... 31 more
Caused by: java.lang.InterruptedException: Process timed out after waiting for 45000 ms.
	at org.openqa.selenium.os.UnixProcess.waitFor(UnixProcess.java:148)
	at org.openqa.selenium.os.CommandLine.waitFor(CommandLine.java:129)
	... 34 more
</pre></div></td>
<td>46</td>
<td>com.microinsurance.testcases.Actions_Usam@1f4f00f</td></tr>
</table><p>
<table width='100%' border='1' class='invocation-skipped'>
<tr><td colspan='4' align='center'><b>SKIPPED TESTS</b></td></tr>
<tr><td><b>Test method</b></td>
<td width="30%"><b>Exception</b></td>
<td width="10%"><b>Time (seconds)</b></td>
<td><b>Instance</b></td>
</tr>
<tr>
<td title='com.microinsurance.testcases.Actions_Usam.loginSuperUser()'><b>loginSuperUser</b><br>Test class: com.microinsurance.testcases.Actions_Usam<br>Parameters: {Username=superuser@tarangtech.com, Captcha=qqqq, RunMode=Y, Password=password}</td>
<td><div><pre>org.testng.SkipException: Skipping the test as Runmode is NO
	at com.microinsurance.testcases.VerifySuperUser.loginSuperUser(VerifySuperUser.java:25)
... Removed 23 stack frames</pre></div><a href='#' onClick='toggleBox("stack-trace17637732", this, "Click to show all stack frames", "Click to hide stack frames")'>Click to show all stack frames</a>
<div class='stack-trace' id='stack-trace17637732'><pre>org.testng.SkipException: Skipping the test as Runmode is NO
	at com.microinsurance.testcases.VerifySuperUser.loginSuperUser(VerifySuperUser.java:25)
	at sun.reflect.NativeMethodAccessorImpl.invoke0(Native Method)
	at sun.reflect.NativeMethodAccessorImpl.invoke(NativeMethodAccessorImpl.java:62)
	at sun.reflect.DelegatingMethodAccessorImpl.invoke(DelegatingMethodAccessorImpl.java:43)
	at java.lang.reflect.Method.invoke(Method.java:497)
	at org.testng.internal.MethodInvocationHelper.invokeMethod(MethodInvocationHelper.java:84)
	at org.testng.internal.Invoker.invokeMethod(Invoker.java:714)
	at org.testng.internal.Invoker.invokeTestMethod(Invoker.java:901)
	at org.testng.internal.Invoker.invokeTestMethods(Invoker.java:1231)
	at org.testng.internal.TestMethodWorker.invokeTestMethods(TestMethodWorker.java:127)
	at org.testng.internal.TestMethodWorker.run(TestMethodWorker.java:111)
	at org.testng.TestRunner.privateRun(TestRunner.java:767)
	at org.testng.TestRunner.run(TestRunner.java:617)
	at org.testng.SuiteRunner.runTest(SuiteRunner.java:334)
	at org.testng.SuiteRunner.runSequentially(SuiteRunner.java:329)
	at org.testng.SuiteRunner.privateRun(SuiteRunner.java:291)
	at org.testng.SuiteRunner.run(SuiteRunner.java:240)
	at org.testng.SuiteRunnerWorker.runSuite(SuiteRunnerWorker.java:52)
	at org.testng.SuiteRunnerWorker.run(SuiteRunnerWorker.java:86)
	at org.testng.TestNG.runSuitesSequentially(TestNG.java:1224)
	at org.testng.TestNG.runSuitesLocally(TestNG.java:1149)
	at org.testng.TestNG.run(TestNG.java:1057)
	at org.testng.TestNG.privateMain(TestNG.java:1364)
	at org.testng.TestNG.main(TestNG.java:1333)
</pre></div></td>
<td>0</td>
<td>com.microinsurance.testcases.Actions_Usam@1f4f00f</td></tr>
</table><p>
</body>
</html>