<!DOCTYPE html PUBLIC "-//W3C//DTD XHTML 1.1//EN" "http://www.w3.org/TR/xhtml11/DTD/xhtml11.dtd">
<html xmlns="http://www.w3.org/1999/xhtml"><head><title>TestNG Report</title><style type="text/css">table {margin-bottom:10px;border-collapse:collapse;empty-cells:show}th,td {border:1px solid #009;padding:.25em .5em}th {vertical-align:bottom}td {vertical-align:top}table a {font-weight:bold}.stripe td {background-color: #E6EBF9}.num {text-align:right}.passedodd td {background-color: #3F3}.passedeven td {background-color: #0A0}.skippedodd td {background-color: #DDD}.skippedeven td {background-color: #CCC}.failedodd td,.attn {background-color: #F33}.failedeven td,.stripe .attn {background-color: #D00}.stacktrace {white-space:pre;font-family:monospace}.totop {font-size:85%;text-align:center;border-bottom:2px solid #000}</style></head><body><table><tr><th>Test</th><th># Passed</th><th># Skipped</th><th># Failed</th><th>Time (ms)</th><th>Included Groups</th><th>Excluded Groups</th></tr><tr><th colspan="7">My suite</th></tr><tr><td><a href="#t0">test1</a></td><td class="num">0</td><td class="num attn">1</td><td class="num">0</td><td class="num">2,963</td><td></td><td></td></tr><tr class="stripe"><td><a href="#t1">test2</a></td><td class="num">16</td><td class="num">0</td><td class="num">0</td><td class="num">98</td><td></td><td></td></tr><tr><td><a href="#t2">test3</a></td><td class="num">0</td><td class="num attn">1</td><td class="num attn">2</td><td class="num">95,394</td><td></td><td></td></tr><tr><th>Total</th><th class="num">16</th><th class="num attn">2</th><th class="num attn">2</th><th class="num">98,455</th><th colspan="2"></th></tr></table><table><thead><tr><th>Class</th><th>Method</th><th>Start</th><th>Time (ms)</th></tr></thead><tbody><tr><th colspan="4">My suite</th></tr></tbody><tbody id="t0"><tr><th colspan="4">test1 &#8212; skipped</th></tr><tr class="skippedeven"><td rowspan="1">com.microinsurance.testcases.VerifySuperUser</td><td><a href="#m0">loginSuperUser</a></td><td rowspan="1">1433249405003</td><td rowspan="1">7</td></tr></tbody><tbody id="t1"><tr><th colspan="4">test2 &#8212; passed</th></tr><tr class="passedeven"><td rowspan="16">com.microinsurance.testcases.VerifyValidations_Usam</td><td><a href="#m1">addUser_Validations</a></td><td rowspan="16">1433249405184</td><td rowspan="16">0</td></tr><tr class="passedeven"><td><a href="#m2">addUser_Validations</a></td></tr><tr class="passedeven"><td><a href="#m3">addUser_Validations</a></td></tr><tr class="passedeven"><td><a href="#m4">addUser_Validations</a></td></tr><tr class="passedeven"><td><a href="#m5">addUser_Validations</a></td></tr><tr class="passedeven"><td><a href="#m6">addUser_Validations</a></td></tr><tr class="passedeven"><td><a href="#m7">addUser_Validations</a></td></tr><tr class="passedeven"><td><a href="#m8">addUser_Validations</a></td></tr><tr class="passedeven"><td><a href="#m9">addUser_Validations</a></td></tr><tr class="passedeven"><td><a href="#m10">addUser_Validations</a></td></tr><tr class="passedeven"><td><a href="#m11">addUser_Validations</a></td></tr><tr class="passedeven"><td><a href="#m12">addUser_Validations</a></td></tr><tr class="passedeven"><td><a href="#m13">addUser_Validations</a></td></tr><tr class="passedeven"><td><a href="#m14">addUser_Validations</a></td></tr><tr class="passedeven"><td><a href="#m15">addUser_Validations</a></td></tr><tr class="passedeven"><td><a href="#m16">addUser_Validations</a></td></tr></tbody><tbody id="t2"><tr><th colspan="4">test3 &#8212; failed</th></tr><tr class="failedeven"><td rowspan="2">com.microinsurance.testcases.Actions_Usam</td><td><a href="#m17">testBrowser</a></td><td rowspan="2">1433249405195</td><td rowspan="2">49024</td></tr><tr class="failedeven"><td><a href="#m18">testBrowser</a></td></tr><tr><th colspan="4">test3 &#8212; skipped</th></tr><tr class="skippedeven"><td rowspan="1">com.microinsurance.testcases.Actions_Usam</td><td><a href="#m19">loginSuperUser</a></td><td rowspan="1">1433249500585</td><td rowspan="1">0</td></tr></tbody></table><h2>test1</h2><h3 id="m0">com.microinsurance.testcases.VerifySuperUser#loginSuperUser</h3><table class="result"><tr class="param"><th>Parameter #1</th></tr><tr class="param stripe"><td>{Username=superuser@tarangtech.com, Captcha=qqqq, RunMode=Y, Password=password}</td></tr><tr><th>Exception</th></tr><tr><td><div class="stacktrace">org.testng.SkipException: Skipping the test as Runmode is NO
	at com.microinsurance.testcases.VerifySuperUser.loginSuperUser(VerifySuperUser.java:25)
... Removed 23 stack frames</div></td></tr></table><p class="totop"><a href="#summary">back to summary</a></p><h2>test2</h2><h3 id="m1">com.microinsurance.testcases.VerifyValidations_Usam#addUser_Validations</h3><table class="result"><tr class="param"><th>Parameter #1</th></tr><tr class="param stripe"><td>{postalCode=ewr436, userDepartment=Agent, state=, address2=zxzxz, address1=zxz, city=zxzx, email123=raghavi@gmail.com, RunMode=Y, expectedResult=Please enter State, firstName=A1, lastName=A2, mobileNumber=9.591091851E9}</td></tr></table><p class="totop"><a href="#summary">back to summary</a></p><h3 id="m2">com.microinsurance.testcases.VerifyValidations_Usam#addUser_Validations</h3><table class="result"><tr class="param"><th>Parameter #1</th></tr><tr class="param stripe"><td>{postalCode=ewr435, userDepartment=Agent, state=zxzxz, address2=zxzxz, address1=zxz, city=, email123=raghavi@gmail.com, RunMode=Y, expectedResult=Please enter City, firstName=A1, lastName=A2, mobileNumber=9.591091851E9}</td></tr></table><p class="totop"><a href="#summary">back to summary</a></p><h3 id="m3">com.microinsurance.testcases.VerifyValidations_Usam#addUser_Validations</h3><table class="result"><tr class="param"><th>Parameter #1</th></tr><tr class="param stripe"><td>{postalCode=ewr428, userDepartment=Agent, state=zxzxz, address2=zxzxz, address1=zxz, city=zxzx, email123=raghavi@gmail.com, RunMode=Y, expectedResult=Please enter a valid email id, firstName=A1, lastName=A2, mobileNumber=9.591091851E9}</td></tr></table><p class="totop"><a href="#summary">back to summary</a></p><h3 id="m4">com.microinsurance.testcases.VerifyValidations_Usam#addUser_Validations</h3><table class="result"><tr class="param"><th>Parameter #1</th></tr><tr class="param stripe"><td>{postalCode=eqw@##!, userDepartment=Agent, state=zxzxz, address2=zxzxz, address1=zxz, city=zxzx, email123=raghavi@gmail.com, RunMode=Y, expectedResult=Postal Code should not contain special characters., firstName=A1, lastName=A2, mobileNumber=9.591091851E9}</td></tr></table><p class="totop"><a href="#summary">back to summary</a></p><h3 id="m5">com.microinsurance.testcases.VerifyValidations_Usam#addUser_Validations</h3><table class="result"><tr class="param"><th>Parameter #1</th></tr><tr class="param stripe"><td>{postalCode=ewr433, userDepartment=, state=zxzxz, address2=zxzxz, address1=zxz, city=zxzx, email123=raghavi@gmail.com, RunMode=Y, expectedResult=Please enter User Department, firstName=A1, lastName=A2, mobileNumber=9.591091851E9}</td></tr></table><p class="totop"><a href="#summary">back to summary</a></p><h3 id="m6">com.microinsurance.testcases.VerifyValidations_Usam#addUser_Validations</h3><table class="result"><tr class="param"><th>Parameter #1</th></tr><tr class="param stripe"><td>{postalCode=ewr426, userDepartment=Agent, state=zxzxz, address2=zxzxz, address1=zxz, city=zxzx, email123=raghavi@gmail.com, RunMode=Y, expectedResult=Please enter Last Name, firstName=A1, lastName=, mobileNumber=9.591091851E9}</td></tr></table><p class="totop"><a href="#summary">back to summary</a></p><h3 id="m7">com.microinsurance.testcases.VerifyValidations_Usam#addUser_Validations</h3><table class="result"><tr class="param"><th>Parameter #1</th></tr><tr class="param stripe"><td>{postalCode=ewr431, userDepartment=Agent, state=zxzxz, address2=zxzxz, address1=zxz, city=zxzx, email123=raghavi@gmail.com, RunMode=Y, expectedResult=Mobile Number should should be in Numerics., firstName=A1, lastName=A2, mobileNumber=fdsdsfdsf}</td></tr></table><p class="totop"><a href="#summary">back to summary</a></p><h3 id="m8">com.microinsurance.testcases.VerifyValidations_Usam#addUser_Validations</h3><table class="result"><tr class="param"><th>Parameter #1</th></tr><tr class="param stripe"><td>{postalCode=, userDepartment=, state=, address2=, address1=, city=, email123=, RunMode=Y, expectedResult=Please enter First Name, firstName=, lastName=, mobileNumber=}</td></tr></table><p class="totop"><a href="#summary">back to summary</a></p><h3 id="m9">com.microinsurance.testcases.VerifyValidations_Usam#addUser_Validations</h3><table class="result"><tr class="param"><th>Parameter #1</th></tr><tr class="param stripe"><td>{postalCode=ewr425, userDepartment=Agent, state=zxzxz, address2=zxzxz, address1=zxz, city=zxzx, email123=raghavi@gmail.com, RunMode=Y, expectedResult=First Name should not contain special characters., firstName=sds$#@##, lastName=A1, mobileNumber=9.591091851E9}</td></tr></table><p class="totop"><a href="#summary">back to summary</a></p><h3 id="m10">com.microinsurance.testcases.VerifyValidations_Usam#addUser_Validations</h3><table class="result"><tr class="param"><th>Parameter #1</th></tr><tr class="param stripe"><td>{postalCode=ewr427, userDepartment=Agent, state=zxzxz, address2=zxzxz, address1=zxz, city=zxzx, email123=raghavi@gmail.com, RunMode=Y, expectedResult=Last Name should not contain special characters., firstName=A1, lastName=adsa@#!#!, mobileNumber=9.591091851E9}</td></tr></table><p class="totop"><a href="#summary">back to summary</a></p><h3 id="m11">com.microinsurance.testcases.VerifyValidations_Usam#addUser_Validations</h3><table class="result"><tr class="param"><th>Parameter #1</th></tr><tr class="param stripe"><td>{postalCode=ewr429, userDepartment=Agent, state=zxzxz, address2=zxzxz, address1=zxz, city=zxzx, email123=raghavi@gmail.com, RunMode=Y, expectedResult=Invalid email, Please enter valid email id., firstName=A1, lastName=A2, mobileNumber=9.591091851E9}</td></tr></table><p class="totop"><a href="#summary">back to summary</a></p><h3 id="m12">com.microinsurance.testcases.VerifyValidations_Usam#addUser_Validations</h3><table class="result"><tr class="param"><th>Parameter #1</th></tr><tr class="param stripe"><td>{postalCode=ewr430, userDepartment=Agent, state=zxzxz, address2=zxzxz, address1=zxz, city=zxzx, email123=raghavi@gmail.com, RunMode=Y, expectedResult=Please enter Mobile Number, firstName=A1, lastName=A2, mobileNumber=}</td></tr></table><p class="totop"><a href="#summary">back to summary</a></p><h3 id="m13">com.microinsurance.testcases.VerifyValidations_Usam#addUser_Validations</h3><table class="result"><tr class="param"><th>Parameter #1</th></tr><tr class="param stripe"><td>{postalCode=ewr432, userDepartment=Agent, state=zxzxz, address2=zxzxz, address1=zxz, city=zxzx, email123=raghavi@gmail.com, RunMode=Y, expectedResult=Mobile Number should should be in Numerics., firstName=A1, lastName=A2, mobileNumber=#@#@!##}</td></tr></table><p class="totop"><a href="#summary">back to summary</a></p><h3 id="m14">com.microinsurance.testcases.VerifyValidations_Usam#addUser_Validations</h3><table class="result"><tr class="param"><th>Parameter #1</th></tr><tr class="param stripe"><td>{postalCode=ewr434, userDepartment=Agent, state=zxzxz, address2=zxzxz, address1=, city=zxzx, email123=raghavi@gmail.com, RunMode=Y, expectedResult=Please enter Address, firstName=A1, lastName=A2, mobileNumber=9.591091851E9}</td></tr></table><p class="totop"><a href="#summary">back to summary</a></p><h3 id="m15">com.microinsurance.testcases.VerifyValidations_Usam#addUser_Validations</h3><table class="result"><tr class="param"><th>Parameter #1</th></tr><tr class="param stripe"><td>{postalCode=ewr424, userDepartment=Agent, state=zxzxz, address2=zxzxz, address1=zxz, city=zxzx, email123=raghavi@gmail.com, RunMode=Y, expectedResult=Please enter First Name, firstName=, lastName=A1, mobileNumber=9.591091851E9}</td></tr></table><p class="totop"><a href="#summary">back to summary</a></p><h3 id="m16">com.microinsurance.testcases.VerifyValidations_Usam#addUser_Validations</h3><table class="result"><tr class="param"><th>Parameter #1</th></tr><tr class="param stripe"><td>{postalCode=, userDepartment=Agent, state=zxzxz, address2=zxzxz, address1=zxz, city=zxzx, email123=raghavi@gmail.com, RunMode=Y, expectedResult=Please enter Postal Code, firstName=A1, lastName=A2, mobileNumber=9.591091851E9}</td></tr></table><p class="totop"><a href="#summary">back to summary</a></p><h2>test3</h2><h3 id="m17">com.microinsurance.testcases.Actions_Usam#testBrowser</h3><table class="result"><tr class="param"><th>Parameter #1</th></tr><tr class="param stripe"><td>{loginSuperUser=RunMode}</td></tr><tr><th>Exception</th></tr><tr><td><div class="stacktrace">org.openqa.selenium.WebDriverException: Failed to connect to binary FirefoxBinary(C:\Program Files\Mozilla Firefox\firefox.exe) on port 7055; process output follows: 
global
1433249413051	addons.xpi-utils	DEBUG	Make addon app-global:{972ce4c6-7e08-4474-a285-3208198ce6fd} visible
1433249413052	DeferredSave.extensions.json	DEBUG	Save changes
1433249413052	DeferredSave.extensions.json	DEBUG	Save changes
1433249413052	addons.xpi	DEBUG	Updating XPIState for {&quot;id&quot;:&quot;{972ce4c6-7e08-4474-a285-3208198ce6fd}&quot;,&quot;syncGUID&quot;:&quot;GAxlqbuteIgC&quot;,&quot;location&quot;:&quot;app-global&quot;,&quot;version&quot;:&quot;38.0.1&quot;,&quot;type&quot;:&quot;theme&quot;,&quot;internalName&quot;:&quot;classic/1.0&quot;,&quot;updateURL&quot;:null,&quot;updateKey&quot;:null,&quot;optionsURL&quot;:null,&quot;optionsType&quot;:null,&quot;aboutURL&quot;:null,&quot;iconURL&quot;:null,&quot;icon64URL&quot;:null,&quot;defaultLocale&quot;:{&quot;name&quot;:&quot;Default&quot;,&quot;description&quot;:&quot;The default theme.&quot;,&quot;creator&quot;:&quot;Mozilla&quot;,&quot;homepageURL&quot;:null,&quot;contributors&quot;:[&quot;Mozilla Contributors&quot;]},&quot;visible&quot;:true,&quot;active&quot;:true,&quot;userDisabled&quot;:false,&quot;appDisabled&quot;:false,&quot;descriptor&quot;:&quot;C:\\Program Files\\Mozilla Firefox\\browser\\extensions\\{972ce4c6-7e08-4474-a285-3208198ce6fd}&quot;,&quot;installDate&quot;:1432008660382,&quot;updateDate&quot;:1432008660382,&quot;applyBackgroundUpdates&quot;:1,&quot;skinnable&quot;:true,&quot;size&quot;:3175,&quot;sourceURI&quot;:null,&quot;releaseNotesURI&quot;:null,&quot;softDisabled&quot;:false,&quot;foreignInstall&quot;:false,&quot;hasBinaryComponents&quot;:false,&quot;strictCompatibility&quot;:true,&quot;locales&quot;:[],&quot;targetApplications&quot;:[{&quot;id&quot;:&quot;{ec8030f7-c20a-464f-9b0e-13a3a9e97384}&quot;,&quot;minVersion&quot;:&quot;38.0.1&quot;,&quot;maxVersion&quot;:&quot;38.0.1&quot;}],&quot;targetPlatforms&quot;:[]}
1433249413052	addons.xpi	DEBUG	getModTime: Recursive scan of {972ce4c6-7e08-4474-a285-3208198ce6fd}
1433249413053	addons.xpi	DEBUG	Updating database with changes to installed add-ons
1433249413053	addons.xpi-utils	DEBUG	Updating add-on states
1433249413054	addons.xpi-utils	DEBUG	Writing add-ons list
1433249413062	addons.manager	DEBUG	Registering shutdown blocker for XPIProvider
1433249413063	addons.manager	DEBUG	Provider finished startup: XPIProvider
1433249413063	addons.manager	DEBUG	Starting provider: LightweightThemeManager
1433249413063	addons.manager	DEBUG	Registering shutdown blocker for LightweightThemeManager
1433249413063	addons.manager	DEBUG	Provider finished startup: LightweightThemeManager
1433249413063	addons.manager	DEBUG	Starting provider: GMPProvider
1433249413067	addons.manager	DEBUG	Registering shutdown blocker for GMPProvider
1433249413068	addons.manager	DEBUG	Provider finished startup: GMPProvider
1433249413068	addons.manager	DEBUG	Starting provider: PluginProvider
1433249413068	addons.manager	DEBUG	Registering shutdown blocker for PluginProvider
1433249413068	addons.manager	DEBUG	Provider finished startup: PluginProvider
1433249413068	addons.manager	DEBUG	Completed startup sequence
1433249415457	DeferredSave.extensions.json	DEBUG	Starting timer
1433249415477	DeferredSave.extensions.json	DEBUG	Starting write
1433249415522	addons.manager	DEBUG	shutdown
1433249415522	addons.manager	DEBUG	Calling shutdown blocker for XPIProvider
1433249415522	addons.xpi	DEBUG	shutdown
1433249415522	addons.xpi-utils	DEBUG	shutdown
1433249415523	addons.manager	DEBUG	Calling shutdown blocker for LightweightThemeManager
1433249415523	addons.manager	DEBUG	Calling shutdown blocker for GMPProvider
1433249415524	addons.manager	DEBUG	Calling shutdown blocker for PluginProvider
1433249416101	DeferredSave.extensions.json	DEBUG	Write succeeded
1433249416102	addons.xpi-utils	DEBUG	XPI Database saved, setting schema version preference to 16
1433249416102	addons.xpi	DEBUG	Notifying XPI shutdown observers
1433249416105	addons.manager	DEBUG	Async provider shutdown done
JavaScript error: resource://gre/modules/BookmarkHTMLUtils.jsm, line 897: NS_ERROR_UNEXPECTED: Component returned failure code: 0x8000ffff (NS_ERROR_UNEXPECTED) [nsINavBookmarksService.removeFolderChildren]
JavaScript error: resource://gre/modules/BookmarkHTMLUtils.jsm, line 897: NS_ERROR_UNEXPECTED: Component returned failure code: 0x8000ffff (NS_ERROR_UNEXPECTED) [nsINavBookmarksService.removeFolderChildren]
JavaScript error: jar:file:///C:/Program%20Files/Mozilla%20Firefox/browser/omni.ja!/components/nsBrowserGlue.js, line 1890: NS_ERROR_UNEXPECTED: Component returned failure code: 0x8000ffff (NS_ERROR_UNEXPECTED) [nsIAnnotationService.getItemsWithAnnotation]

Build info: version: &apos;2.45.0&apos;, revision: &apos;5017cb8&apos;, time: &apos;2015-02-27 00:00:10&apos;
System info: host: &apos;tandl-10&apos;, ip: &apos;172.30.66.121&apos;, os.name: &apos;Windows Vista&apos;, os.arch: &apos;x86&apos;, os.version: &apos;6.0&apos;, java.version: &apos;1.8.0_45&apos;
Driver info: driver.version: FirefoxDriver
	at org.openqa.selenium.firefox.internal.NewProfileExtensionConnection.start(NewProfileExtensionConnection.java:134)
	at org.openqa.selenium.firefox.FirefoxDriver.startClient(FirefoxDriver.java:246)
	at org.openqa.selenium.remote.RemoteWebDriver.&lt;init&gt;(RemoteWebDriver.java:114)
	at org.openqa.selenium.firefox.FirefoxDriver.&lt;init&gt;(FirefoxDriver.java:193)
	at org.openqa.selenium.firefox.FirefoxDriver.&lt;init&gt;(FirefoxDriver.java:186)
	at org.openqa.selenium.firefox.FirefoxDriver.&lt;init&gt;(FirefoxDriver.java:182)
	at org.openqa.selenium.firefox.FirefoxDriver.&lt;init&gt;(FirefoxDriver.java:95)
	at com.microinsurance.base.TestBase.openBrowser(TestBase.java:85)
	at com.microinsurance.testcases.Actions_Usam.testBrowser(Actions_Usam.java:30)
Caused by: org.openqa.selenium.WebDriverException: java.lang.InterruptedException: Process timed out after waiting for 45000 ms.
Build info: version: &apos;2.45.0&apos;, revision: &apos;5017cb8&apos;, time: &apos;2015-02-27 00:00:10&apos;
System info: host: &apos;tandl-10&apos;, ip: &apos;172.30.66.121&apos;, os.name: &apos;Windows Vista&apos;, os.arch: &apos;x86&apos;, os.version: &apos;6.0&apos;, java.version: &apos;1.8.0_45&apos;
Driver info: driver.version: FirefoxDriver
	at org.openqa.selenium.os.CommandLine.waitFor(CommandLine.java:131)
	at org.openqa.selenium.firefox.FirefoxBinary.waitFor(FirefoxBinary.java:222)
	at org.openqa.selenium.firefox.FirefoxBinary.clean(FirefoxBinary.java:242)
	at org.openqa.selenium.firefox.internal.NewProfileExtensionConnection.start(NewProfileExtensionConnection.java:91)
	... 31 more
Caused by: java.lang.InterruptedException: Process timed out after waiting for 45000 ms.
	at org.openqa.selenium.os.UnixProcess.waitFor(UnixProcess.java:148)
	at org.openqa.selenium.os.CommandLine.waitFor(CommandLine.java:129)
	... 34 more
... Removed 23 stack frames</div></td></tr></table><p class="totop"><a href="#summary">back to summary</a></p><h3 id="m18">com.microinsurance.testcases.Actions_Usam#testBrowser</h3><table class="result"><tr class="param"><th>Parameter #1</th></tr><tr class="param stripe"><td>{loginSuperUser=Y}</td></tr><tr><th>Exception</th></tr><tr><td><div class="stacktrace">org.openqa.selenium.WebDriverException: Failed to connect to binary FirefoxBinary(C:\Program Files\Mozilla Firefox\firefox.exe) on port 7055; process output follows: 
global
1433249456912	addons.xpi-utils	DEBUG	Make addon app-global:{972ce4c6-7e08-4474-a285-3208198ce6fd} visible
1433249456912	DeferredSave.extensions.json	DEBUG	Save changes
1433249456912	DeferredSave.extensions.json	DEBUG	Save changes
1433249456912	addons.xpi	DEBUG	Updating XPIState for {&quot;id&quot;:&quot;{972ce4c6-7e08-4474-a285-3208198ce6fd}&quot;,&quot;syncGUID&quot;:&quot;rBmYONP_hhZV&quot;,&quot;location&quot;:&quot;app-global&quot;,&quot;version&quot;:&quot;38.0.1&quot;,&quot;type&quot;:&quot;theme&quot;,&quot;internalName&quot;:&quot;classic/1.0&quot;,&quot;updateURL&quot;:null,&quot;updateKey&quot;:null,&quot;optionsURL&quot;:null,&quot;optionsType&quot;:null,&quot;aboutURL&quot;:null,&quot;iconURL&quot;:null,&quot;icon64URL&quot;:null,&quot;defaultLocale&quot;:{&quot;name&quot;:&quot;Default&quot;,&quot;description&quot;:&quot;The default theme.&quot;,&quot;creator&quot;:&quot;Mozilla&quot;,&quot;homepageURL&quot;:null,&quot;contributors&quot;:[&quot;Mozilla Contributors&quot;]},&quot;visible&quot;:true,&quot;active&quot;:true,&quot;userDisabled&quot;:false,&quot;appDisabled&quot;:false,&quot;descriptor&quot;:&quot;C:\\Program Files\\Mozilla Firefox\\browser\\extensions\\{972ce4c6-7e08-4474-a285-3208198ce6fd}&quot;,&quot;installDate&quot;:1432008660382,&quot;updateDate&quot;:1432008660382,&quot;applyBackgroundUpdates&quot;:1,&quot;skinnable&quot;:true,&quot;size&quot;:3175,&quot;sourceURI&quot;:null,&quot;releaseNotesURI&quot;:null,&quot;softDisabled&quot;:false,&quot;foreignInstall&quot;:false,&quot;hasBinaryComponents&quot;:false,&quot;strictCompatibility&quot;:true,&quot;locales&quot;:[],&quot;targetApplications&quot;:[{&quot;id&quot;:&quot;{ec8030f7-c20a-464f-9b0e-13a3a9e97384}&quot;,&quot;minVersion&quot;:&quot;38.0.1&quot;,&quot;maxVersion&quot;:&quot;38.0.1&quot;}],&quot;targetPlatforms&quot;:[]}
1433249456912	addons.xpi	DEBUG	getModTime: Recursive scan of {972ce4c6-7e08-4474-a285-3208198ce6fd}
1433249456914	addons.xpi	DEBUG	Updating database with changes to installed add-ons
1433249456914	addons.xpi-utils	DEBUG	Updating add-on states
1433249456915	addons.xpi-utils	DEBUG	Writing add-ons list
1433249456923	addons.manager	DEBUG	Registering shutdown blocker for XPIProvider
1433249456923	addons.manager	DEBUG	Provider finished startup: XPIProvider
1433249456923	addons.manager	DEBUG	Starting provider: LightweightThemeManager
1433249456924	addons.manager	DEBUG	Registering shutdown blocker for LightweightThemeManager
1433249456924	addons.manager	DEBUG	Provider finished startup: LightweightThemeManager
1433249456924	addons.manager	DEBUG	Starting provider: GMPProvider
1433249456928	addons.manager	DEBUG	Registering shutdown blocker for GMPProvider
1433249456928	addons.manager	DEBUG	Provider finished startup: GMPProvider
1433249456928	addons.manager	DEBUG	Starting provider: PluginProvider
1433249456928	addons.manager	DEBUG	Registering shutdown blocker for PluginProvider
1433249456929	addons.manager	DEBUG	Provider finished startup: PluginProvider
1433249456929	addons.manager	DEBUG	Completed startup sequence
1433249458991	DeferredSave.extensions.json	DEBUG	Starting timer
1433249459033	DeferredSave.extensions.json	DEBUG	Starting write
1433249459040	addons.manager	DEBUG	shutdown
1433249459041	addons.manager	DEBUG	Calling shutdown blocker for XPIProvider
1433249459041	addons.xpi	DEBUG	shutdown
1433249459041	addons.xpi-utils	DEBUG	shutdown
1433249459041	addons.manager	DEBUG	Calling shutdown blocker for LightweightThemeManager
1433249459042	addons.manager	DEBUG	Calling shutdown blocker for GMPProvider
1433249459043	addons.manager	DEBUG	Calling shutdown blocker for PluginProvider
1433249459537	DeferredSave.extensions.json	DEBUG	Write succeeded
1433249459537	addons.xpi-utils	DEBUG	XPI Database saved, setting schema version preference to 16
1433249459538	addons.xpi	DEBUG	Notifying XPI shutdown observers
1433249459541	addons.manager	DEBUG	Async provider shutdown done
JavaScript error: resource://gre/modules/BookmarkHTMLUtils.jsm, line 897: NS_ERROR_UNEXPECTED: Component returned failure code: 0x8000ffff (NS_ERROR_UNEXPECTED) [nsINavBookmarksService.removeFolderChildren]
JavaScript error: resource://gre/modules/BookmarkHTMLUtils.jsm, line 897: NS_ERROR_UNEXPECTED: Component returned failure code: 0x8000ffff (NS_ERROR_UNEXPECTED) [nsINavBookmarksService.removeFolderChildren]
JavaScript error: jar:file:///C:/Program%20Files/Mozilla%20Firefox/browser/omni.ja!/components/nsBrowserGlue.js, line 1890: NS_ERROR_UNEXPECTED: Component returned failure code: 0x8000ffff (NS_ERROR_UNEXPECTED) [nsIAnnotationService.getItemsWithAnnotation]

Build info: version: &apos;2.45.0&apos;, revision: &apos;5017cb8&apos;, time: &apos;2015-02-27 00:00:10&apos;
System info: host: &apos;tandl-10&apos;, ip: &apos;172.30.66.121&apos;, os.name: &apos;Windows Vista&apos;, os.arch: &apos;x86&apos;, os.version: &apos;6.0&apos;, java.version: &apos;1.8.0_45&apos;
Driver info: driver.version: FirefoxDriver
	at org.openqa.selenium.firefox.internal.NewProfileExtensionConnection.start(NewProfileExtensionConnection.java:134)
	at org.openqa.selenium.firefox.FirefoxDriver.startClient(FirefoxDriver.java:246)
	at org.openqa.selenium.remote.RemoteWebDriver.&lt;init&gt;(RemoteWebDriver.java:114)
	at org.openqa.selenium.firefox.FirefoxDriver.&lt;init&gt;(FirefoxDriver.java:193)
	at org.openqa.selenium.firefox.FirefoxDriver.&lt;init&gt;(FirefoxDriver.java:186)
	at org.openqa.selenium.firefox.FirefoxDriver.&lt;init&gt;(FirefoxDriver.java:182)
	at org.openqa.selenium.firefox.FirefoxDriver.&lt;init&gt;(FirefoxDriver.java:95)
	at com.microinsurance.base.TestBase.openBrowser(TestBase.java:85)
	at com.microinsurance.testcases.Actions_Usam.testBrowser(Actions_Usam.java:30)
Caused by: org.openqa.selenium.WebDriverException: java.lang.InterruptedException: Process timed out after waiting for 45000 ms.
Build info: version: &apos;2.45.0&apos;, revision: &apos;5017cb8&apos;, time: &apos;2015-02-27 00:00:10&apos;
System info: host: &apos;tandl-10&apos;, ip: &apos;172.30.66.121&apos;, os.name: &apos;Windows Vista&apos;, os.arch: &apos;x86&apos;, os.version: &apos;6.0&apos;, java.version: &apos;1.8.0_45&apos;
Driver info: driver.version: FirefoxDriver
	at org.openqa.selenium.os.CommandLine.waitFor(CommandLine.java:131)
	at org.openqa.selenium.firefox.FirefoxBinary.waitFor(FirefoxBinary.java:222)
	at org.openqa.selenium.firefox.FirefoxBinary.clean(FirefoxBinary.java:242)
	at org.openqa.selenium.firefox.internal.NewProfileExtensionConnection.start(NewProfileExtensionConnection.java:91)
	... 31 more
Caused by: java.lang.InterruptedException: Process timed out after waiting for 45000 ms.
	at org.openqa.selenium.os.UnixProcess.waitFor(UnixProcess.java:148)
	at org.openqa.selenium.os.CommandLine.waitFor(CommandLine.java:129)
	... 34 more
... Removed 23 stack frames</div></td></tr></table><p class="totop"><a href="#summary">back to summary</a></p><h3 id="m19">com.microinsurance.testcases.Actions_Usam#loginSuperUser</h3><table class="result"><tr class="param"><th>Parameter #1</th></tr><tr class="param stripe"><td>{Username=superuser@tarangtech.com, Captcha=qqqq, RunMode=Y, Password=password}</td></tr><tr><th>Exception</th></tr><tr><td><div class="stacktrace">org.testng.SkipException: Skipping the test as Runmode is NO
	at com.microinsurance.testcases.VerifySuperUser.loginSuperUser(VerifySuperUser.java:25)
... Removed 23 stack frames</div></td></tr></table><p class="totop"><a href="#summary">back to summary</a></p></body></html>