<?xml version="1.0" encoding="UTF-8"?>
<testng-results skipped="2" failed="2" total="20" passed="16">
  <reporter-output>
  </reporter-output>
  <suite name="My suite" duration-ms="98536" started-at="2015-06-02T12:50:02Z" finished-at="2015-06-02T12:51:40Z">
    <groups>
    </groups>
    <test name="test1" duration-ms="2963" started-at="2015-06-02T12:50:02Z" finished-at="2015-06-02T12:50:05Z">
      <class name="com.microinsurance.testcases.VerifySuperUser">
        <test-method status="SKIP" signature="loginSuperUser(java.util.Hashtable)[pri:0, instance:com.microinsurance.testcases.VerifySuperUser@afb23c]" name="loginSuperUser" duration-ms="7" started-at="2015-06-02T18:20:05Z" data-provider="getLoginData" finished-at="2015-06-02T18:20:05Z">
          <params>
            <param index="0">
              <value>
                <![CDATA[{Username=superuser@tarangtech.com, Captcha=qqqq, RunMode=Y, Password=password}]]>
              </value>
            </param>
          </params>
          <exception class="org.testng.SkipException">
            <message>
              <![CDATA[Skipping the test as Runmode is NO]]>
            </message>
            <full-stacktrace>
              <![CDATA[org.testng.SkipException: Skipping the test as Runmode is NO
	at com.microinsurance.testcases.VerifySuperUser.loginSuperUser(VerifySuperUser.java:25)
	at sun.reflect.NativeMethodAccessorImpl.invoke0(Native Method)
	at sun.reflect.NativeMethodAccessorImpl.invoke(NativeMethodAccessorImpl.java:62)
	at sun.reflect.DelegatingMethodAccessorImpl.invoke(DelegatingMethodAccessorImpl.java:43)
	at java.lang.reflect.Method.invoke(Method.java:497)
	at org.testng.internal.MethodInvocationHelper.invokeMethod(MethodInvocationHelper.java:84)
	at org.testng.internal.Invoker.invokeMethod(Invoker.java:714)
	at org.testng.internal.Invoker.invokeTestMethod(Invoker.java:901)
	at org.testng.internal.Invoker.invokeTestMethods(Invoker.java:1231)
	at org.testng.internal.TestMethodWorker.invokeTestMethods(TestMethodWorker.java:127)
	at org.testng.internal.TestMethodWorker.run(TestMethodWorker.java:111)
	at org.testng.TestRunner.privateRun(TestRunner.java:767)
	at org.testng.TestRunner.run(TestRunner.java:617)
	at org.testng.SuiteRunner.runTest(SuiteRunner.java:334)
	at org.testng.SuiteRunner.runSequentially(SuiteRunner.java:329)
	at org.testng.SuiteRunner.privateRun(SuiteRunner.java:291)
	at org.testng.SuiteRunner.run(SuiteRunner.java:240)
	at org.testng.SuiteRunnerWorker.runSuite(SuiteRunnerWorker.java:52)
	at org.testng.SuiteRunnerWorker.run(SuiteRunnerWorker.java:86)
	at org.testng.TestNG.runSuitesSequentially(TestNG.java:1224)
	at org.testng.TestNG.runSuitesLocally(TestNG.java:1149)
	at org.testng.TestNG.run(TestNG.java:1057)
	at org.testng.TestNG.privateMain(TestNG.java:1364)
	at org.testng.TestNG.main(TestNG.java:1333)
]]>
            </full-stacktrace>
          </exception> <!-- org.testng.SkipException -->
          <reporter-output>
          </reporter-output>
        </test-method> <!-- loginSuperUser -->
      </class> <!-- com.microinsurance.testcases.VerifySuperUser -->
    </test> <!-- test1 -->
    <test name="test2" duration-ms="98" started-at="2015-06-02T12:50:05Z" finished-at="2015-06-02T12:50:05Z">
      <class name="com.microinsurance.testcases.VerifyValidations_Usam">
        <test-method status="PASS" signature="addUser_Validations(java.util.Hashtable)[pri:0, instance:com.microinsurance.testcases.VerifyValidations_Usam@1c8e616]" name="addUser_Validations" duration-ms="61" started-at="2015-06-02T18:20:05Z" data-provider="getaddUser_ValidationsData" finished-at="2015-06-02T18:20:05Z">
          <params>
            <param index="0">
              <value>
                <![CDATA[{postalCode=, userDepartment=, state=, address2=, address1=, city=, email123=, RunMode=Y, expectedResult=Please enter First Name, firstName=, lastName=, mobileNumber=}]]>
              </value>
            </param>
          </params>
          <reporter-output>
          </reporter-output>
        </test-method> <!-- addUser_Validations -->
        <test-method status="PASS" signature="addUser_Validations(java.util.Hashtable)[pri:0, instance:com.microinsurance.testcases.VerifyValidations_Usam@1c8e616]" name="addUser_Validations" duration-ms="1" started-at="2015-06-02T18:20:05Z" data-provider="getaddUser_ValidationsData" finished-at="2015-06-02T18:20:05Z">
          <params>
            <param index="0">
              <value>
                <![CDATA[{postalCode=ewr424, userDepartment=Agent, state=zxzxz, address2=zxzxz, address1=zxz, city=zxzx, email123=raghavi@gmail.com, RunMode=Y, expectedResult=Please enter First Name, firstName=, lastName=A1, mobileNumber=9.591091851E9}]]>
              </value>
            </param>
          </params>
          <reporter-output>
          </reporter-output>
        </test-method> <!-- addUser_Validations -->
        <test-method status="PASS" signature="addUser_Validations(java.util.Hashtable)[pri:0, instance:com.microinsurance.testcases.VerifyValidations_Usam@1c8e616]" name="addUser_Validations" duration-ms="0" started-at="2015-06-02T18:20:05Z" data-provider="getaddUser_ValidationsData" finished-at="2015-06-02T18:20:05Z">
          <params>
            <param index="0">
              <value>
                <![CDATA[{postalCode=ewr426, userDepartment=Agent, state=zxzxz, address2=zxzxz, address1=zxz, city=zxzx, email123=raghavi@gmail.com, RunMode=Y, expectedResult=Please enter Last Name, firstName=A1, lastName=, mobileNumber=9.591091851E9}]]>
              </value>
            </param>
          </params>
          <reporter-output>
          </reporter-output>
        </test-method> <!-- addUser_Validations -->
        <test-method status="PASS" signature="addUser_Validations(java.util.Hashtable)[pri:0, instance:com.microinsurance.testcases.VerifyValidations_Usam@1c8e616]" name="addUser_Validations" duration-ms="0" started-at="2015-06-02T18:20:05Z" data-provider="getaddUser_ValidationsData" finished-at="2015-06-02T18:20:05Z">
          <params>
            <param index="0">
              <value>
                <![CDATA[{postalCode=ewr425, userDepartment=Agent, state=zxzxz, address2=zxzxz, address1=zxz, city=zxzx, email123=raghavi@gmail.com, RunMode=Y, expectedResult=First Name should not contain special characters., firstName=sds$#@##, lastName=A1, mobileNumber=9.591091851E9}]]>
              </value>
            </param>
          </params>
          <reporter-output>
          </reporter-output>
        </test-method> <!-- addUser_Validations -->
        <test-method status="PASS" signature="addUser_Validations(java.util.Hashtable)[pri:0, instance:com.microinsurance.testcases.VerifyValidations_Usam@1c8e616]" name="addUser_Validations" duration-ms="1" started-at="2015-06-02T18:20:05Z" data-provider="getaddUser_ValidationsData" finished-at="2015-06-02T18:20:05Z">
          <params>
            <param index="0">
              <value>
                <![CDATA[{postalCode=ewr427, userDepartment=Agent, state=zxzxz, address2=zxzxz, address1=zxz, city=zxzx, email123=raghavi@gmail.com, RunMode=Y, expectedResult=Last Name should not contain special characters., firstName=A1, lastName=adsa@#!#!, mobileNumber=9.591091851E9}]]>
              </value>
            </param>
          </params>
          <reporter-output>
          </reporter-output>
        </test-method> <!-- addUser_Validations -->
        <test-method status="PASS" signature="addUser_Validations(java.util.Hashtable)[pri:0, instance:com.microinsurance.testcases.VerifyValidations_Usam@1c8e616]" name="addUser_Validations" duration-ms="0" started-at="2015-06-02T18:20:05Z" data-provider="getaddUser_ValidationsData" finished-at="2015-06-02T18:20:05Z">
          <params>
            <param index="0">
              <value>
                <![CDATA[{postalCode=ewr428, userDepartment=Agent, state=zxzxz, address2=zxzxz, address1=zxz, city=zxzx, email123=raghavi@gmail.com, RunMode=Y, expectedResult=Please enter a valid email id, firstName=A1, lastName=A2, mobileNumber=9.591091851E9}]]>
              </value>
            </param>
          </params>
          <reporter-output>
          </reporter-output>
        </test-method> <!-- addUser_Validations -->
        <test-method status="PASS" signature="addUser_Validations(java.util.Hashtable)[pri:0, instance:com.microinsurance.testcases.VerifyValidations_Usam@1c8e616]" name="addUser_Validations" duration-ms="0" started-at="2015-06-02T18:20:05Z" data-provider="getaddUser_ValidationsData" finished-at="2015-06-02T18:20:05Z">
          <params>
            <param index="0">
              <value>
                <![CDATA[{postalCode=ewr429, userDepartment=Agent, state=zxzxz, address2=zxzxz, address1=zxz, city=zxzx, email123=raghavi@gmail.com, RunMode=Y, expectedResult=Invalid email, Please enter valid email id., firstName=A1, lastName=A2, mobileNumber=9.591091851E9}]]>
              </value>
            </param>
          </params>
          <reporter-output>
          </reporter-output>
        </test-method> <!-- addUser_Validations -->
        <test-method status="PASS" signature="addUser_Validations(java.util.Hashtable)[pri:0, instance:com.microinsurance.testcases.VerifyValidations_Usam@1c8e616]" name="addUser_Validations" duration-ms="0" started-at="2015-06-02T18:20:05Z" data-provider="getaddUser_ValidationsData" finished-at="2015-06-02T18:20:05Z">
          <params>
            <param index="0">
              <value>
                <![CDATA[{postalCode=ewr431, userDepartment=Agent, state=zxzxz, address2=zxzxz, address1=zxz, city=zxzx, email123=raghavi@gmail.com, RunMode=Y, expectedResult=Mobile Number should should be in Numerics., firstName=A1, lastName=A2, mobileNumber=fdsdsfdsf}]]>
              </value>
            </param>
          </params>
          <reporter-output>
          </reporter-output>
        </test-method> <!-- addUser_Validations -->
        <test-method status="PASS" signature="addUser_Validations(java.util.Hashtable)[pri:0, instance:com.microinsurance.testcases.VerifyValidations_Usam@1c8e616]" name="addUser_Validations" duration-ms="0" started-at="2015-06-02T18:20:05Z" data-provider="getaddUser_ValidationsData" finished-at="2015-06-02T18:20:05Z">
          <params>
            <param index="0">
              <value>
                <![CDATA[{postalCode=ewr430, userDepartment=Agent, state=zxzxz, address2=zxzxz, address1=zxz, city=zxzx, email123=raghavi@gmail.com, RunMode=Y, expectedResult=Please enter Mobile Number, firstName=A1, lastName=A2, mobileNumber=}]]>
              </value>
            </param>
          </params>
          <reporter-output>
          </reporter-output>
        </test-method> <!-- addUser_Validations -->
        <test-method status="PASS" signature="addUser_Validations(java.util.Hashtable)[pri:0, instance:com.microinsurance.testcases.VerifyValidations_Usam@1c8e616]" name="addUser_Validations" duration-ms="1" started-at="2015-06-02T18:20:05Z" data-provider="getaddUser_ValidationsData" finished-at="2015-06-02T18:20:05Z">
          <params>
            <param index="0">
              <value>
                <![CDATA[{postalCode=ewr432, userDepartment=Agent, state=zxzxz, address2=zxzxz, address1=zxz, city=zxzx, email123=raghavi@gmail.com, RunMode=Y, expectedResult=Mobile Number should should be in Numerics., firstName=A1, lastName=A2, mobileNumber=#@#@!##}]]>
              </value>
            </param>
          </params>
          <reporter-output>
          </reporter-output>
        </test-method> <!-- addUser_Validations -->
        <test-method status="PASS" signature="addUser_Validations(java.util.Hashtable)[pri:0, instance:com.microinsurance.testcases.VerifyValidations_Usam@1c8e616]" name="addUser_Validations" duration-ms="1" started-at="2015-06-02T18:20:05Z" data-provider="getaddUser_ValidationsData" finished-at="2015-06-02T18:20:05Z">
          <params>
            <param index="0">
              <value>
                <![CDATA[{postalCode=ewr435, userDepartment=Agent, state=zxzxz, address2=zxzxz, address1=zxz, city=, email123=raghavi@gmail.com, RunMode=Y, expectedResult=Please enter City, firstName=A1, lastName=A2, mobileNumber=9.591091851E9}]]>
              </value>
            </param>
          </params>
          <reporter-output>
          </reporter-output>
        </test-method> <!-- addUser_Validations -->
        <test-method status="PASS" signature="addUser_Validations(java.util.Hashtable)[pri:0, instance:com.microinsurance.testcases.VerifyValidations_Usam@1c8e616]" name="addUser_Validations" duration-ms="0" started-at="2015-06-02T18:20:05Z" data-provider="getaddUser_ValidationsData" finished-at="2015-06-02T18:20:05Z">
          <params>
            <param index="0">
              <value>
                <![CDATA[{postalCode=ewr433, userDepartment=, state=zxzxz, address2=zxzxz, address1=zxz, city=zxzx, email123=raghavi@gmail.com, RunMode=Y, expectedResult=Please enter User Department, firstName=A1, lastName=A2, mobileNumber=9.591091851E9}]]>
              </value>
            </param>
          </params>
          <reporter-output>
          </reporter-output>
        </test-method> <!-- addUser_Validations -->
        <test-method status="PASS" signature="addUser_Validations(java.util.Hashtable)[pri:0, instance:com.microinsurance.testcases.VerifyValidations_Usam@1c8e616]" name="addUser_Validations" duration-ms="0" started-at="2015-06-02T18:20:05Z" data-provider="getaddUser_ValidationsData" finished-at="2015-06-02T18:20:05Z">
          <params>
            <param index="0">
              <value>
                <![CDATA[{postalCode=ewr434, userDepartment=Agent, state=zxzxz, address2=zxzxz, address1=, city=zxzx, email123=raghavi@gmail.com, RunMode=Y, expectedResult=Please enter Address, firstName=A1, lastName=A2, mobileNumber=9.591091851E9}]]>
              </value>
            </param>
          </params>
          <reporter-output>
          </reporter-output>
        </test-method> <!-- addUser_Validations -->
        <test-method status="PASS" signature="addUser_Validations(java.util.Hashtable)[pri:0, instance:com.microinsurance.testcases.VerifyValidations_Usam@1c8e616]" name="addUser_Validations" duration-ms="0" started-at="2015-06-02T18:20:05Z" data-provider="getaddUser_ValidationsData" finished-at="2015-06-02T18:20:05Z">
          <params>
            <param index="0">
              <value>
                <![CDATA[{postalCode=ewr436, userDepartment=Agent, state=, address2=zxzxz, address1=zxz, city=zxzx, email123=raghavi@gmail.com, RunMode=Y, expectedResult=Please enter State, firstName=A1, lastName=A2, mobileNumber=9.591091851E9}]]>
              </value>
            </param>
          </params>
          <reporter-output>
          </reporter-output>
        </test-method> <!-- addUser_Validations -->
        <test-method status="PASS" signature="addUser_Validations(java.util.Hashtable)[pri:0, instance:com.microinsurance.testcases.VerifyValidations_Usam@1c8e616]" name="addUser_Validations" duration-ms="1" started-at="2015-06-02T18:20:05Z" data-provider="getaddUser_ValidationsData" finished-at="2015-06-02T18:20:05Z">
          <params>
            <param index="0">
              <value>
                <![CDATA[{postalCode=, userDepartment=Agent, state=zxzxz, address2=zxzxz, address1=zxz, city=zxzx, email123=raghavi@gmail.com, RunMode=Y, expectedResult=Please enter Postal Code, firstName=A1, lastName=A2, mobileNumber=9.591091851E9}]]>
              </value>
            </param>
          </params>
          <reporter-output>
          </reporter-output>
        </test-method> <!-- addUser_Validations -->
        <test-method status="PASS" signature="addUser_Validations(java.util.Hashtable)[pri:0, instance:com.microinsurance.testcases.VerifyValidations_Usam@1c8e616]" name="addUser_Validations" duration-ms="0" started-at="2015-06-02T18:20:05Z" data-provider="getaddUser_ValidationsData" finished-at="2015-06-02T18:20:05Z">
          <params>
            <param index="0">
              <value>
                <![CDATA[{postalCode=eqw@##!, userDepartment=Agent, state=zxzxz, address2=zxzxz, address1=zxz, city=zxzx, email123=raghavi@gmail.com, RunMode=Y, expectedResult=Postal Code should not contain special characters., firstName=A1, lastName=A2, mobileNumber=9.591091851E9}]]>
              </value>
            </param>
          </params>
          <reporter-output>
          </reporter-output>
        </test-method> <!-- addUser_Validations -->
      </class> <!-- com.microinsurance.testcases.VerifyValidations_Usam -->
    </test> <!-- test2 -->
    <test name="test3" duration-ms="95394" started-at="2015-06-02T12:50:05Z" finished-at="2015-06-02T12:51:40Z">
      <class name="com.microinsurance.testcases.Actions_Usam">
        <test-method status="FAIL" signature="testBrowser(java.util.Hashtable)[pri:0, instance:com.microinsurance.testcases.Actions_Usam@1f4f00f]" name="testBrowser" duration-ms="49024" started-at="2015-06-02T18:20:05Z" data-provider="getsuspendUserData" finished-at="2015-06-02T18:20:54Z">
          <params>
            <param index="0">
              <value>
                <![CDATA[{loginSuperUser=RunMode}]]>
              </value>
            </param>
          </params>
          <exception class="org.openqa.selenium.WebDriverException">
            <message>
              <![CDATA[Failed to connect to binary FirefoxBinary(C:\Program Files\Mozilla Firefox\firefox.exe) on port 7055; process output follows: 
global
1433249413051	addons.xpi-utils	DEBUG	Make addon app-global:{972ce4c6-7e08-4474-a285-3208198ce6fd} visible
1433249413052	DeferredSave.extensions.json	DEBUG	Save changes
1433249413052	DeferredSave.extensions.json	DEBUG	Save changes
1433249413052	addons.xpi	DEBUG	Updating XPIState for {"id":"{972ce4c6-7e08-4474-a285-3208198ce6fd}","syncGUID":"GAxlqbuteIgC","location":"app-global","version":"38.0.1","type":"theme","internalName":"classic/1.0","updateURL":null,"updateKey":null,"optionsURL":null,"optionsType":null,"aboutURL":null,"iconURL":null,"icon64URL":null,"defaultLocale":{"name":"Default","description":"The default theme.","creator":"Mozilla","homepageURL":null,"contributors":["Mozilla Contributors"]},"visible":true,"active":true,"userDisabled":false,"appDisabled":false,"descriptor":"C:\\Program Files\\Mozilla Firefox\\browser\\extensions\\{972ce4c6-7e08-4474-a285-3208198ce6fd}","installDate":1432008660382,"updateDate":1432008660382,"applyBackgroundUpdates":1,"skinnable":true,"size":3175,"sourceURI":null,"releaseNotesURI":null,"softDisabled":false,"foreignInstall":false,"hasBinaryComponents":false,"strictCompatibility":true,"locales":[],"targetApplications":[{"id":"{ec8030f7-c20a-464f-9b0e-13a3a9e97384}","minVersion":"38.0.1","maxVersion":"38.0.1"}],"targetPlatforms":[]}
1433249413052	addons.xpi	DEBUG	getModTime: Recursive scan of {972ce4c6-7e08-4474-a285-3208198ce6fd}
1433249413053	addons.xpi	DEBUG	Updating database with changes to installed add-ons
1433249413053	addons.xpi-utils	DEBUG	Updating add-on states
1433249413054	addons.xpi-utils	DEBUG	Writing add-ons list
1433249413062	addons.manager	DEBUG	Registering shutdown blocker for XPIProvider
1433249413063	addons.manager	DEBUG	Provider finished startup: XPIProvider
1433249413063	addons.manager	DEBUG	Starting provider: LightweightThemeManager
1433249413063	addons.manager	DEBUG	Registering shutdown blocker for LightweightThemeManager
1433249413063	addons.manager	DEBUG	Provider finished startup: LightweightThemeManager
1433249413063	addons.manager	DEBUG	Starting provider: GMPProvider
1433249413067	addons.manager	DEBUG	Registering shutdown blocker for GMPProvider
1433249413068	addons.manager	DEBUG	Provider finished startup: GMPProvider
1433249413068	addons.manager	DEBUG	Starting provider: PluginProvider
1433249413068	addons.manager	DEBUG	Registering shutdown blocker for PluginProvider
1433249413068	addons.manager	DEBUG	Provider finished startup: PluginProvider
1433249413068	addons.manager	DEBUG	Completed startup sequence
1433249415457	DeferredSave.extensions.json	DEBUG	Starting timer
1433249415477	DeferredSave.extensions.json	DEBUG	Starting write
1433249415522	addons.manager	DEBUG	shutdown
1433249415522	addons.manager	DEBUG	Calling shutdown blocker for XPIProvider
1433249415522	addons.xpi	DEBUG	shutdown
1433249415522	addons.xpi-utils	DEBUG	shutdown
1433249415523	addons.manager	DEBUG	Calling shutdown blocker for LightweightThemeManager
1433249415523	addons.manager	DEBUG	Calling shutdown blocker for GMPProvider
1433249415524	addons.manager	DEBUG	Calling shutdown blocker for PluginProvider
1433249416101	DeferredSave.extensions.json	DEBUG	Write succeeded
1433249416102	addons.xpi-utils	DEBUG	XPI Database saved, setting schema version preference to 16
1433249416102	addons.xpi	DEBUG	Notifying XPI shutdown observers
1433249416105	addons.manager	DEBUG	Async provider shutdown done
JavaScript error: resource://gre/modules/BookmarkHTMLUtils.jsm, line 897: NS_ERROR_UNEXPECTED: Component returned failure code: 0x8000ffff (NS_ERROR_UNEXPECTED) [nsINavBookmarksService.removeFolderChildren]
JavaScript error: resource://gre/modules/BookmarkHTMLUtils.jsm, line 897: NS_ERROR_UNEXPECTED: Component returned failure code: 0x8000ffff (NS_ERROR_UNEXPECTED) [nsINavBookmarksService.removeFolderChildren]
JavaScript error: jar:file:///C:/Program%20Files/Mozilla%20Firefox/browser/omni.ja!/components/nsBrowserGlue.js, line 1890: NS_ERROR_UNEXPECTED: Component returned failure code: 0x8000ffff (NS_ERROR_UNEXPECTED) [nsIAnnotationService.getItemsWithAnnotation]

Build info: version: '2.45.0', revision: '5017cb8', time: '2015-02-27 00:00:10'
System info: host: 'tandl-10', ip: '172.30.66.121', os.name: 'Windows Vista', os.arch: 'x86', os.version: '6.0', java.version: '1.8.0_45'
Driver info: driver.version: FirefoxDriver]]>
            </message>
            <full-stacktrace>
              <![CDATA[org.openqa.selenium.WebDriverException: Failed to connect to binary FirefoxBinary(C:\Program Files\Mozilla Firefox\firefox.exe) on port 7055; process output follows: 
global
1433249413051	addons.xpi-utils	DEBUG	Make addon app-global:{972ce4c6-7e08-4474-a285-3208198ce6fd} visible
1433249413052	DeferredSave.extensions.json	DEBUG	Save changes
1433249413052	DeferredSave.extensions.json	DEBUG	Save changes
1433249413052	addons.xpi	DEBUG	Updating XPIState for {"id":"{972ce4c6-7e08-4474-a285-3208198ce6fd}","syncGUID":"GAxlqbuteIgC","location":"app-global","version":"38.0.1","type":"theme","internalName":"classic/1.0","updateURL":null,"updateKey":null,"optionsURL":null,"optionsType":null,"aboutURL":null,"iconURL":null,"icon64URL":null,"defaultLocale":{"name":"Default","description":"The default theme.","creator":"Mozilla","homepageURL":null,"contributors":["Mozilla Contributors"]},"visible":true,"active":true,"userDisabled":false,"appDisabled":false,"descriptor":"C:\\Program Files\\Mozilla Firefox\\browser\\extensions\\{972ce4c6-7e08-4474-a285-3208198ce6fd}","installDate":1432008660382,"updateDate":1432008660382,"applyBackgroundUpdates":1,"skinnable":true,"size":3175,"sourceURI":null,"releaseNotesURI":null,"softDisabled":false,"foreignInstall":false,"hasBinaryComponents":false,"strictCompatibility":true,"locales":[],"targetApplications":[{"id":"{ec8030f7-c20a-464f-9b0e-13a3a9e97384}","minVersion":"38.0.1","maxVersion":"38.0.1"}],"targetPlatforms":[]}
1433249413052	addons.xpi	DEBUG	getModTime: Recursive scan of {972ce4c6-7e08-4474-a285-3208198ce6fd}
1433249413053	addons.xpi	DEBUG	Updating database with changes to installed add-ons
1433249413053	addons.xpi-utils	DEBUG	Updating add-on states
1433249413054	addons.xpi-utils	DEBUG	Writing add-ons list
1433249413062	addons.manager	DEBUG	Registering shutdown blocker for XPIProvider
1433249413063	addons.manager	DEBUG	Provider finished startup: XPIProvider
1433249413063	addons.manager	DEBUG	Starting provider: LightweightThemeManager
1433249413063	addons.manager	DEBUG	Registering shutdown blocker for LightweightThemeManager
1433249413063	addons.manager	DEBUG	Provider finished startup: LightweightThemeManager
1433249413063	addons.manager	DEBUG	Starting provider: GMPProvider
1433249413067	addons.manager	DEBUG	Registering shutdown blocker for GMPProvider
1433249413068	addons.manager	DEBUG	Provider finished startup: GMPProvider
1433249413068	addons.manager	DEBUG	Starting provider: PluginProvider
1433249413068	addons.manager	DEBUG	Registering shutdown blocker for PluginProvider
1433249413068	addons.manager	DEBUG	Provider finished startup: PluginProvider
1433249413068	addons.manager	DEBUG	Completed startup sequence
1433249415457	DeferredSave.extensions.json	DEBUG	Starting timer
1433249415477	DeferredSave.extensions.json	DEBUG	Starting write
1433249415522	addons.manager	DEBUG	shutdown
1433249415522	addons.manager	DEBUG	Calling shutdown blocker for XPIProvider
1433249415522	addons.xpi	DEBUG	shutdown
1433249415522	addons.xpi-utils	DEBUG	shutdown
1433249415523	addons.manager	DEBUG	Calling shutdown blocker for LightweightThemeManager
1433249415523	addons.manager	DEBUG	Calling shutdown blocker for GMPProvider
1433249415524	addons.manager	DEBUG	Calling shutdown blocker for PluginProvider
1433249416101	DeferredSave.extensions.json	DEBUG	Write succeeded
1433249416102	addons.xpi-utils	DEBUG	XPI Database saved, setting schema version preference to 16
1433249416102	addons.xpi	DEBUG	Notifying XPI shutdown observers
1433249416105	addons.manager	DEBUG	Async provider shutdown done
JavaScript error: resource://gre/modules/BookmarkHTMLUtils.jsm, line 897: NS_ERROR_UNEXPECTED: Component returned failure code: 0x8000ffff (NS_ERROR_UNEXPECTED) [nsINavBookmarksService.removeFolderChildren]
JavaScript error: resource://gre/modules/BookmarkHTMLUtils.jsm, line 897: NS_ERROR_UNEXPECTED: Component returned failure code: 0x8000ffff (NS_ERROR_UNEXPECTED) [nsINavBookmarksService.removeFolderChildren]
JavaScript error: jar:file:///C:/Program%20Files/Mozilla%20Firefox/browser/omni.ja!/components/nsBrowserGlue.js, line 1890: NS_ERROR_UNEXPECTED: Component returned failure code: 0x8000ffff (NS_ERROR_UNEXPECTED) [nsIAnnotationService.getItemsWithAnnotation]

Build info: version: '2.45.0', revision: '5017cb8', time: '2015-02-27 00:00:10'
System info: host: 'tandl-10', ip: '172.30.66.121', os.name: 'Windows Vista', os.arch: 'x86', os.version: '6.0', java.version: '1.8.0_45'
Driver info: driver.version: FirefoxDriver
	at org.openqa.selenium.firefox.internal.NewProfileExtensionConnection.start(NewProfileExtensionConnection.java:134)
	at org.openqa.selenium.firefox.FirefoxDriver.startClient(FirefoxDriver.java:246)
	at org.openqa.selenium.remote.RemoteWebDriver.<init>(RemoteWebDriver.java:114)
	at org.openqa.selenium.firefox.FirefoxDriver.<init>(FirefoxDriver.java:193)
	at org.openqa.selenium.firefox.FirefoxDriver.<init>(FirefoxDriver.java:186)
	at org.openqa.selenium.firefox.FirefoxDriver.<init>(FirefoxDriver.java:182)
	at org.openqa.selenium.firefox.FirefoxDriver.<init>(FirefoxDriver.java:95)
	at com.microinsurance.base.TestBase.openBrowser(TestBase.java:85)
	at com.microinsurance.testcases.Actions_Usam.testBrowser(Actions_Usam.java:30)
	at sun.reflect.NativeMethodAccessorImpl.invoke0(Native Method)
	at sun.reflect.NativeMethodAccessorImpl.invoke(NativeMethodAccessorImpl.java:62)
	at sun.reflect.DelegatingMethodAccessorImpl.invoke(DelegatingMethodAccessorImpl.java:43)
	at java.lang.reflect.Method.invoke(Method.java:497)
	at org.testng.internal.MethodInvocationHelper.invokeMethod(MethodInvocationHelper.java:84)
	at org.testng.internal.Invoker.invokeMethod(Invoker.java:714)
	at org.testng.internal.Invoker.invokeTestMethod(Invoker.java:901)
	at org.testng.internal.Invoker.invokeTestMethods(Invoker.java:1231)
	at org.testng.internal.TestMethodWorker.invokeTestMethods(TestMethodWorker.java:127)
	at org.testng.internal.TestMethodWorker.run(TestMethodWorker.java:111)
	at org.testng.TestRunner.privateRun(TestRunner.java:767)
	at org.testng.TestRunner.run(TestRunner.java:617)
	at org.testng.SuiteRunner.runTest(SuiteRunner.java:334)
	at org.testng.SuiteRunner.runSequentially(SuiteRunner.java:329)
	at org.testng.SuiteRunner.privateRun(SuiteRunner.java:291)
	at org.testng.SuiteRunner.run(SuiteRunner.java:240)
	at org.testng.SuiteRunnerWorker.runSuite(SuiteRunnerWorker.java:52)
	at org.testng.SuiteRunnerWorker.run(SuiteRunnerWorker.java:86)
	at org.testng.TestNG.runSuitesSequentially(TestNG.java:1224)
	at org.testng.TestNG.runSuitesLocally(TestNG.java:1149)
	at org.testng.TestNG.run(TestNG.java:1057)
	at org.testng.TestNG.privateMain(TestNG.java:1364)
	at org.testng.TestNG.main(TestNG.java:1333)
Caused by: org.openqa.selenium.WebDriverException: java.lang.InterruptedException: Process timed out after waiting for 45000 ms.
Build info: version: '2.45.0', revision: '5017cb8', time: '2015-02-27 00:00:10'
System info: host: 'tandl-10', ip: '172.30.66.121', os.name: 'Windows Vista', os.arch: 'x86', os.version: '6.0', java.version: '1.8.0_45'
Driver info: driver.version: FirefoxDriver
	at org.openqa.selenium.os.CommandLine.waitFor(CommandLine.java:131)
	at org.openqa.selenium.firefox.FirefoxBinary.waitFor(FirefoxBinary.java:222)
	at org.openqa.selenium.firefox.FirefoxBinary.clean(FirefoxBinary.java:242)
	at org.openqa.selenium.firefox.internal.NewProfileExtensionConnection.start(NewProfileExtensionConnection.java:91)
	... 31 more
Caused by: java.lang.InterruptedException: Process timed out after waiting for 45000 ms.
	at org.openqa.selenium.os.UnixProcess.waitFor(UnixProcess.java:148)
	at org.openqa.selenium.os.CommandLine.waitFor(CommandLine.java:129)
	... 34 more
]]>
            </full-stacktrace>
          </exception> <!-- org.openqa.selenium.WebDriverException -->
          <reporter-output>
          </reporter-output>
        </test-method> <!-- testBrowser -->
        <test-method status="FAIL" signature="testBrowser(java.util.Hashtable)[pri:0, instance:com.microinsurance.testcases.Actions_Usam@1f4f00f]" name="testBrowser" duration-ms="46365" started-at="2015-06-02T18:20:54Z" data-provider="getsuspendUserData" finished-at="2015-06-02T18:21:40Z">
          <params>
            <param index="0">
              <value>
                <![CDATA[{loginSuperUser=Y}]]>
              </value>
            </param>
          </params>
          <exception class="org.openqa.selenium.WebDriverException">
            <message>
              <![CDATA[Failed to connect to binary FirefoxBinary(C:\Program Files\Mozilla Firefox\firefox.exe) on port 7055; process output follows: 
global
1433249456912	addons.xpi-utils	DEBUG	Make addon app-global:{972ce4c6-7e08-4474-a285-3208198ce6fd} visible
1433249456912	DeferredSave.extensions.json	DEBUG	Save changes
1433249456912	DeferredSave.extensions.json	DEBUG	Save changes
1433249456912	addons.xpi	DEBUG	Updating XPIState for {"id":"{972ce4c6-7e08-4474-a285-3208198ce6fd}","syncGUID":"rBmYONP_hhZV","location":"app-global","version":"38.0.1","type":"theme","internalName":"classic/1.0","updateURL":null,"updateKey":null,"optionsURL":null,"optionsType":null,"aboutURL":null,"iconURL":null,"icon64URL":null,"defaultLocale":{"name":"Default","description":"The default theme.","creator":"Mozilla","homepageURL":null,"contributors":["Mozilla Contributors"]},"visible":true,"active":true,"userDisabled":false,"appDisabled":false,"descriptor":"C:\\Program Files\\Mozilla Firefox\\browser\\extensions\\{972ce4c6-7e08-4474-a285-3208198ce6fd}","installDate":1432008660382,"updateDate":1432008660382,"applyBackgroundUpdates":1,"skinnable":true,"size":3175,"sourceURI":null,"releaseNotesURI":null,"softDisabled":false,"foreignInstall":false,"hasBinaryComponents":false,"strictCompatibility":true,"locales":[],"targetApplications":[{"id":"{ec8030f7-c20a-464f-9b0e-13a3a9e97384}","minVersion":"38.0.1","maxVersion":"38.0.1"}],"targetPlatforms":[]}
1433249456912	addons.xpi	DEBUG	getModTime: Recursive scan of {972ce4c6-7e08-4474-a285-3208198ce6fd}
1433249456914	addons.xpi	DEBUG	Updating database with changes to installed add-ons
1433249456914	addons.xpi-utils	DEBUG	Updating add-on states
1433249456915	addons.xpi-utils	DEBUG	Writing add-ons list
1433249456923	addons.manager	DEBUG	Registering shutdown blocker for XPIProvider
1433249456923	addons.manager	DEBUG	Provider finished startup: XPIProvider
1433249456923	addons.manager	DEBUG	Starting provider: LightweightThemeManager
1433249456924	addons.manager	DEBUG	Registering shutdown blocker for LightweightThemeManager
1433249456924	addons.manager	DEBUG	Provider finished startup: LightweightThemeManager
1433249456924	addons.manager	DEBUG	Starting provider: GMPProvider
1433249456928	addons.manager	DEBUG	Registering shutdown blocker for GMPProvider
1433249456928	addons.manager	DEBUG	Provider finished startup: GMPProvider
1433249456928	addons.manager	DEBUG	Starting provider: PluginProvider
1433249456928	addons.manager	DEBUG	Registering shutdown blocker for PluginProvider
1433249456929	addons.manager	DEBUG	Provider finished startup: PluginProvider
1433249456929	addons.manager	DEBUG	Completed startup sequence
1433249458991	DeferredSave.extensions.json	DEBUG	Starting timer
1433249459033	DeferredSave.extensions.json	DEBUG	Starting write
1433249459040	addons.manager	DEBUG	shutdown
1433249459041	addons.manager	DEBUG	Calling shutdown blocker for XPIProvider
1433249459041	addons.xpi	DEBUG	shutdown
1433249459041	addons.xpi-utils	DEBUG	shutdown
1433249459041	addons.manager	DEBUG	Calling shutdown blocker for LightweightThemeManager
1433249459042	addons.manager	DEBUG	Calling shutdown blocker for GMPProvider
1433249459043	addons.manager	DEBUG	Calling shutdown blocker for PluginProvider
1433249459537	DeferredSave.extensions.json	DEBUG	Write succeeded
1433249459537	addons.xpi-utils	DEBUG	XPI Database saved, setting schema version preference to 16
1433249459538	addons.xpi	DEBUG	Notifying XPI shutdown observers
1433249459541	addons.manager	DEBUG	Async provider shutdown done
JavaScript error: resource://gre/modules/BookmarkHTMLUtils.jsm, line 897: NS_ERROR_UNEXPECTED: Component returned failure code: 0x8000ffff (NS_ERROR_UNEXPECTED) [nsINavBookmarksService.removeFolderChildren]
JavaScript error: resource://gre/modules/BookmarkHTMLUtils.jsm, line 897: NS_ERROR_UNEXPECTED: Component returned failure code: 0x8000ffff (NS_ERROR_UNEXPECTED) [nsINavBookmarksService.removeFolderChildren]
JavaScript error: jar:file:///C:/Program%20Files/Mozilla%20Firefox/browser/omni.ja!/components/nsBrowserGlue.js, line 1890: NS_ERROR_UNEXPECTED: Component returned failure code: 0x8000ffff (NS_ERROR_UNEXPECTED) [nsIAnnotationService.getItemsWithAnnotation]

Build info: version: '2.45.0', revision: '5017cb8', time: '2015-02-27 00:00:10'
System info: host: 'tandl-10', ip: '172.30.66.121', os.name: 'Windows Vista', os.arch: 'x86', os.version: '6.0', java.version: '1.8.0_45'
Driver info: driver.version: FirefoxDriver]]>
            </message>
            <full-stacktrace>
              <![CDATA[org.openqa.selenium.WebDriverException: Failed to connect to binary FirefoxBinary(C:\Program Files\Mozilla Firefox\firefox.exe) on port 7055; process output follows: 
global
1433249456912	addons.xpi-utils	DEBUG	Make addon app-global:{972ce4c6-7e08-4474-a285-3208198ce6fd} visible
1433249456912	DeferredSave.extensions.json	DEBUG	Save changes
1433249456912	DeferredSave.extensions.json	DEBUG	Save changes
1433249456912	addons.xpi	DEBUG	Updating XPIState for {"id":"{972ce4c6-7e08-4474-a285-3208198ce6fd}","syncGUID":"rBmYONP_hhZV","location":"app-global","version":"38.0.1","type":"theme","internalName":"classic/1.0","updateURL":null,"updateKey":null,"optionsURL":null,"optionsType":null,"aboutURL":null,"iconURL":null,"icon64URL":null,"defaultLocale":{"name":"Default","description":"The default theme.","creator":"Mozilla","homepageURL":null,"contributors":["Mozilla Contributors"]},"visible":true,"active":true,"userDisabled":false,"appDisabled":false,"descriptor":"C:\\Program Files\\Mozilla Firefox\\browser\\extensions\\{972ce4c6-7e08-4474-a285-3208198ce6fd}","installDate":1432008660382,"updateDate":1432008660382,"applyBackgroundUpdates":1,"skinnable":true,"size":3175,"sourceURI":null,"releaseNotesURI":null,"softDisabled":false,"foreignInstall":false,"hasBinaryComponents":false,"strictCompatibility":true,"locales":[],"targetApplications":[{"id":"{ec8030f7-c20a-464f-9b0e-13a3a9e97384}","minVersion":"38.0.1","maxVersion":"38.0.1"}],"targetPlatforms":[]}
1433249456912	addons.xpi	DEBUG	getModTime: Recursive scan of {972ce4c6-7e08-4474-a285-3208198ce6fd}
1433249456914	addons.xpi	DEBUG	Updating database with changes to installed add-ons
1433249456914	addons.xpi-utils	DEBUG	Updating add-on states
1433249456915	addons.xpi-utils	DEBUG	Writing add-ons list
1433249456923	addons.manager	DEBUG	Registering shutdown blocker for XPIProvider
1433249456923	addons.manager	DEBUG	Provider finished startup: XPIProvider
1433249456923	addons.manager	DEBUG	Starting provider: LightweightThemeManager
1433249456924	addons.manager	DEBUG	Registering shutdown blocker for LightweightThemeManager
1433249456924	addons.manager	DEBUG	Provider finished startup: LightweightThemeManager
1433249456924	addons.manager	DEBUG	Starting provider: GMPProvider
1433249456928	addons.manager	DEBUG	Registering shutdown blocker for GMPProvider
1433249456928	addons.manager	DEBUG	Provider finished startup: GMPProvider
1433249456928	addons.manager	DEBUG	Starting provider: PluginProvider
1433249456928	addons.manager	DEBUG	Registering shutdown blocker for PluginProvider
1433249456929	addons.manager	DEBUG	Provider finished startup: PluginProvider
1433249456929	addons.manager	DEBUG	Completed startup sequence
1433249458991	DeferredSave.extensions.json	DEBUG	Starting timer
1433249459033	DeferredSave.extensions.json	DEBUG	Starting write
1433249459040	addons.manager	DEBUG	shutdown
1433249459041	addons.manager	DEBUG	Calling shutdown blocker for XPIProvider
1433249459041	addons.xpi	DEBUG	shutdown
1433249459041	addons.xpi-utils	DEBUG	shutdown
1433249459041	addons.manager	DEBUG	Calling shutdown blocker for LightweightThemeManager
1433249459042	addons.manager	DEBUG	Calling shutdown blocker for GMPProvider
1433249459043	addons.manager	DEBUG	Calling shutdown blocker for PluginProvider
1433249459537	DeferredSave.extensions.json	DEBUG	Write succeeded
1433249459537	addons.xpi-utils	DEBUG	XPI Database saved, setting schema version preference to 16
1433249459538	addons.xpi	DEBUG	Notifying XPI shutdown observers
1433249459541	addons.manager	DEBUG	Async provider shutdown done
JavaScript error: resource://gre/modules/BookmarkHTMLUtils.jsm, line 897: NS_ERROR_UNEXPECTED: Component returned failure code: 0x8000ffff (NS_ERROR_UNEXPECTED) [nsINavBookmarksService.removeFolderChildren]
JavaScript error: resource://gre/modules/BookmarkHTMLUtils.jsm, line 897: NS_ERROR_UNEXPECTED: Component returned failure code: 0x8000ffff (NS_ERROR_UNEXPECTED) [nsINavBookmarksService.removeFolderChildren]
JavaScript error: jar:file:///C:/Program%20Files/Mozilla%20Firefox/browser/omni.ja!/components/nsBrowserGlue.js, line 1890: NS_ERROR_UNEXPECTED: Component returned failure code: 0x8000ffff (NS_ERROR_UNEXPECTED) [nsIAnnotationService.getItemsWithAnnotation]

Build info: version: '2.45.0', revision: '5017cb8', time: '2015-02-27 00:00:10'
System info: host: 'tandl-10', ip: '172.30.66.121', os.name: 'Windows Vista', os.arch: 'x86', os.version: '6.0', java.version: '1.8.0_45'
Driver info: driver.version: FirefoxDriver
	at org.openqa.selenium.firefox.internal.NewProfileExtensionConnection.start(NewProfileExtensionConnection.java:134)
	at org.openqa.selenium.firefox.FirefoxDriver.startClient(FirefoxDriver.java:246)
	at org.openqa.selenium.remote.RemoteWebDriver.<init>(RemoteWebDriver.java:114)
	at org.openqa.selenium.firefox.FirefoxDriver.<init>(FirefoxDriver.java:193)
	at org.openqa.selenium.firefox.FirefoxDriver.<init>(FirefoxDriver.java:186)
	at org.openqa.selenium.firefox.FirefoxDriver.<init>(FirefoxDriver.java:182)
	at org.openqa.selenium.firefox.FirefoxDriver.<init>(FirefoxDriver.java:95)
	at com.microinsurance.base.TestBase.openBrowser(TestBase.java:85)
	at com.microinsurance.testcases.Actions_Usam.testBrowser(Actions_Usam.java:30)
	at sun.reflect.NativeMethodAccessorImpl.invoke0(Native Method)
	at sun.reflect.NativeMethodAccessorImpl.invoke(NativeMethodAccessorImpl.java:62)
	at sun.reflect.DelegatingMethodAccessorImpl.invoke(DelegatingMethodAccessorImpl.java:43)
	at java.lang.reflect.Method.invoke(Method.java:497)
	at org.testng.internal.MethodInvocationHelper.invokeMethod(MethodInvocationHelper.java:84)
	at org.testng.internal.Invoker.invokeMethod(Invoker.java:714)
	at org.testng.internal.Invoker.invokeTestMethod(Invoker.java:901)
	at org.testng.internal.Invoker.invokeTestMethods(Invoker.java:1231)
	at org.testng.internal.TestMethodWorker.invokeTestMethods(TestMethodWorker.java:127)
	at org.testng.internal.TestMethodWorker.run(TestMethodWorker.java:111)
	at org.testng.TestRunner.privateRun(TestRunner.java:767)
	at org.testng.TestRunner.run(TestRunner.java:617)
	at org.testng.SuiteRunner.runTest(SuiteRunner.java:334)
	at org.testng.SuiteRunner.runSequentially(SuiteRunner.java:329)
	at org.testng.SuiteRunner.privateRun(SuiteRunner.java:291)
	at org.testng.SuiteRunner.run(SuiteRunner.java:240)
	at org.testng.SuiteRunnerWorker.runSuite(SuiteRunnerWorker.java:52)
	at org.testng.SuiteRunnerWorker.run(SuiteRunnerWorker.java:86)
	at org.testng.TestNG.runSuitesSequentially(TestNG.java:1224)
	at org.testng.TestNG.runSuitesLocally(TestNG.java:1149)
	at org.testng.TestNG.run(TestNG.java:1057)
	at org.testng.TestNG.privateMain(TestNG.java:1364)
	at org.testng.TestNG.main(TestNG.java:1333)
Caused by: org.openqa.selenium.WebDriverException: java.lang.InterruptedException: Process timed out after waiting for 45000 ms.
Build info: version: '2.45.0', revision: '5017cb8', time: '2015-02-27 00:00:10'
System info: host: 'tandl-10', ip: '172.30.66.121', os.name: 'Windows Vista', os.arch: 'x86', os.version: '6.0', java.version: '1.8.0_45'
Driver info: driver.version: FirefoxDriver
	at org.openqa.selenium.os.CommandLine.waitFor(CommandLine.java:131)
	at org.openqa.selenium.firefox.FirefoxBinary.waitFor(FirefoxBinary.java:222)
	at org.openqa.selenium.firefox.FirefoxBinary.clean(FirefoxBinary.java:242)
	at org.openqa.selenium.firefox.internal.NewProfileExtensionConnection.start(NewProfileExtensionConnection.java:91)
	... 31 more
Caused by: java.lang.InterruptedException: Process timed out after waiting for 45000 ms.
	at org.openqa.selenium.os.UnixProcess.waitFor(UnixProcess.java:148)
	at org.openqa.selenium.os.CommandLine.waitFor(CommandLine.java:129)
	... 34 more
]]>
            </full-stacktrace>
          </exception> <!-- org.openqa.selenium.WebDriverException -->
          <reporter-output>
          </reporter-output>
        </test-method> <!-- testBrowser -->
        <test-method status="SKIP" signature="loginSuperUser(java.util.Hashtable)[pri:0, instance:com.microinsurance.testcases.Actions_Usam@1f4f00f]" name="loginSuperUser" duration-ms="0" started-at="2015-06-02T18:21:40Z" data-provider="getLoginData" finished-at="2015-06-02T18:21:40Z">
          <params>
            <param index="0">
              <value>
                <![CDATA[{Username=superuser@tarangtech.com, Captcha=qqqq, RunMode=Y, Password=password}]]>
              </value>
            </param>
          </params>
          <exception class="org.testng.SkipException">
            <message>
              <![CDATA[Skipping the test as Runmode is NO]]>
            </message>
            <full-stacktrace>
              <![CDATA[org.testng.SkipException: Skipping the test as Runmode is NO
	at com.microinsurance.testcases.VerifySuperUser.loginSuperUser(VerifySuperUser.java:25)
	at sun.reflect.NativeMethodAccessorImpl.invoke0(Native Method)
	at sun.reflect.NativeMethodAccessorImpl.invoke(NativeMethodAccessorImpl.java:62)
	at sun.reflect.DelegatingMethodAccessorImpl.invoke(DelegatingMethodAccessorImpl.java:43)
	at java.lang.reflect.Method.invoke(Method.java:497)
	at org.testng.internal.MethodInvocationHelper.invokeMethod(MethodInvocationHelper.java:84)
	at org.testng.internal.Invoker.invokeMethod(Invoker.java:714)
	at org.testng.internal.Invoker.invokeTestMethod(Invoker.java:901)
	at org.testng.internal.Invoker.invokeTestMethods(Invoker.java:1231)
	at org.testng.internal.TestMethodWorker.invokeTestMethods(TestMethodWorker.java:127)
	at org.testng.internal.TestMethodWorker.run(TestMethodWorker.java:111)
	at org.testng.TestRunner.privateRun(TestRunner.java:767)
	at org.testng.TestRunner.run(TestRunner.java:617)
	at org.testng.SuiteRunner.runTest(SuiteRunner.java:334)
	at org.testng.SuiteRunner.runSequentially(SuiteRunner.java:329)
	at org.testng.SuiteRunner.privateRun(SuiteRunner.java:291)
	at org.testng.SuiteRunner.run(SuiteRunner.java:240)
	at org.testng.SuiteRunnerWorker.runSuite(SuiteRunnerWorker.java:52)
	at org.testng.SuiteRunnerWorker.run(SuiteRunnerWorker.java:86)
	at org.testng.TestNG.runSuitesSequentially(TestNG.java:1224)
	at org.testng.TestNG.runSuitesLocally(TestNG.java:1149)
	at org.testng.TestNG.run(TestNG.java:1057)
	at org.testng.TestNG.privateMain(TestNG.java:1364)
	at org.testng.TestNG.main(TestNG.java:1333)
]]>
            </full-stacktrace>
          </exception> <!-- org.testng.SkipException -->
          <reporter-output>
          </reporter-output>
        </test-method> <!-- loginSuperUser -->
      </class> <!-- com.microinsurance.testcases.Actions_Usam -->
    </test> <!-- test3 -->
  </suite> <!-- My suite -->
</testng-results>
